{"D:\\rustdev\\qiguai\\webui\\config-manager-ui\\src\\api.ts": {"path":"D:\\rustdev\\qiguai\\webui\\config-manager-ui\\src\\api.ts","statementMap":{"0":{"start":{"line":18,"column":17},"end":{"line":18,"column":null}},"1":{"start":{"line":19,"column":30},"end":{"line":19,"column":null}},"2":{"start":{"line":27,"column":27},"end":{"line":27,"column":null}},"3":{"start":{"line":30,"column":67},"end":{"line":30,"column":null}},"4":{"start":{"line":31,"column":42},"end":{"line":31,"column":null}},"5":{"start":{"line":33,"column":2},"end":{"line":36,"column":null}},"6":{"start":{"line":34,"column":4},"end":{"line":34,"column":null}},"7":{"start":{"line":35,"column":4},"end":{"line":35,"column":null}},"8":{"start":{"line":37,"column":21},"end":{"line":37,"column":null}},"9":{"start":{"line":38,"column":20},"end":{"line":38,"column":null}},"10":{"start":{"line":38,"column":44},"end":{"line":38,"column":64}},"11":{"start":{"line":40,"column":2},"end":{"line":54,"column":null}},"12":{"start":{"line":41,"column":4},"end":{"line":46,"column":null}},"13":{"start":{"line":48,"column":4},"end":{"line":50,"column":null}},"14":{"start":{"line":49,"column":6},"end":{"line":49,"column":null}},"15":{"start":{"line":51,"column":4},"end":{"line":51,"column":null}},"16":{"start":{"line":53,"column":4},"end":{"line":53,"column":null}},"17":{"start":{"line":56,"column":22},"end":{"line":56,"column":null}},"18":{"start":{"line":57,"column":22},"end":{"line":57,"column":null}},"19":{"start":{"line":58,"column":2},"end":{"line":62,"column":null}},"20":{"start":{"line":59,"column":4},"end":{"line":59,"column":null}},"21":{"start":{"line":60,"column":2},"end":{"line":62,"column":null}},"22":{"start":{"line":61,"column":4},"end":{"line":61,"column":null}},"23":{"start":{"line":64,"column":2},"end":{"line":67,"column":null}},"24":{"start":{"line":65,"column":21},"end":{"line":65,"column":null}},"25":{"start":{"line":66,"column":4},"end":{"line":66,"column":null}},"26":{"start":{"line":68,"column":2},"end":{"line":68,"column":null}},"27":{"start":{"line":71,"column":19},"end":{"line":138,"column":null}},"28":{"start":{"line":72,"column":24},"end":{"line":72,"column":null}},"29":{"start":{"line":74,"column":4},"end":{"line":74,"column":null}},"30":{"start":{"line":75,"column":23},"end":{"line":75,"column":null}},"31":{"start":{"line":77,"column":4},"end":{"line":77,"column":null}},"32":{"start":{"line":78,"column":22},"end":{"line":78,"column":null}},"33":{"start":{"line":79,"column":32},"end":{"line":79,"column":null}},"34":{"start":{"line":81,"column":4},"end":{"line":81,"column":null}},"35":{"start":{"line":83,"column":4},"end":{"line":87,"column":null}},"36":{"start":{"line":89,"column":4},"end":{"line":92,"column":null}},"37":{"start":{"line":94,"column":4},"end":{"line":94,"column":null}},"38":{"start":{"line":99,"column":4},"end":{"line":102,"column":null}},"39":{"start":{"line":104,"column":4},"end":{"line":104,"column":null}},"40":{"start":{"line":106,"column":4},"end":{"line":108,"column":null}},"41":{"start":{"line":110,"column":4},"end":{"line":110,"column":null}},"42":{"start":{"line":112,"column":4},"end":{"line":112,"column":null}},"43":{"start":{"line":113,"column":19},"end":{"line":113,"column":null}},"44":{"start":{"line":115,"column":4},"end":{"line":115,"column":null}},"45":{"start":{"line":117,"column":4},"end":{"line":117,"column":null}},"46":{"start":{"line":118,"column":26},"end":{"line":118,"column":null}},"47":{"start":{"line":120,"column":4},"end":{"line":120,"column":null}},"48":{"start":{"line":121,"column":26},"end":{"line":121,"column":null}},"49":{"start":{"line":122,"column":22},"end":{"line":122,"column":null}},"50":{"start":{"line":124,"column":4},"end":{"line":124,"column":null}},"51":{"start":{"line":125,"column":25},"end":{"line":125,"column":null}},"52":{"start":{"line":127,"column":4},"end":{"line":127,"column":null}},"53":{"start":{"line":128,"column":26},"end":{"line":128,"column":null}},"54":{"start":{"line":129,"column":26},"end":{"line":129,"column":null}},"55":{"start":{"line":131,"column":4},"end":{"line":131,"column":null}},"56":{"start":{"line":132,"column":18},"end":{"line":132,"column":null}},"57":{"start":{"line":134,"column":4},"end":{"line":134,"column":null}},"58":{"start":{"line":135,"column":22},"end":{"line":135,"column":null}},"59":{"start":{"line":137,"column":4},"end":{"line":137,"column":null}}},"fnMap":{"0":{"name":"request","decl":{"start":{"line":29,"column":22},"end":{"line":29,"column":33}},"loc":{"start":{"line":29,"column":89},"end":{"line":69,"column":null}},"line":29},"1":{"name":"(anonymous_1)","decl":{"start":{"line":38,"column":38},"end":{"line":38,"column":44}},"loc":{"start":{"line":38,"column":44},"end":{"line":38,"column":64}},"line":38},"2":{"name":"(anonymous_2)","decl":{"start":{"line":72,"column":18},"end":{"line":72,"column":24}},"loc":{"start":{"line":72,"column":24},"end":{"line":72,"column":null}},"line":72},"3":{"name":"(anonymous_3)","decl":{"start":{"line":73,"column":19},"end":{"line":73,"column":20}},"loc":{"start":{"line":74,"column":4},"end":{"line":74,"column":null}},"line":74},"4":{"name":"(anonymous_4)","decl":{"start":{"line":75,"column":17},"end":{"line":75,"column":23}},"loc":{"start":{"line":75,"column":23},"end":{"line":75,"column":null}},"line":75},"5":{"name":"(anonymous_5)","decl":{"start":{"line":76,"column":14},"end":{"line":76,"column":15}},"loc":{"start":{"line":77,"column":4},"end":{"line":77,"column":null}},"line":77},"6":{"name":"(anonymous_6)","decl":{"start":{"line":78,"column":16},"end":{"line":78,"column":22}},"loc":{"start":{"line":78,"column":22},"end":{"line":78,"column":null}},"line":78},"7":{"name":"(anonymous_7)","decl":{"start":{"line":79,"column":14},"end":{"line":79,"column":15}},"loc":{"start":{"line":79,"column":32},"end":{"line":79,"column":null}},"line":79},"8":{"name":"(anonymous_8)","decl":{"start":{"line":80,"column":17},"end":{"line":80,"column":18}},"loc":{"start":{"line":81,"column":4},"end":{"line":81,"column":null}},"line":81},"9":{"name":"(anonymous_9)","decl":{"start":{"line":82,"column":17},"end":{"line":82,"column":18}},"loc":{"start":{"line":83,"column":4},"end":{"line":87,"column":null}},"line":83},"10":{"name":"(anonymous_10)","decl":{"start":{"line":88,"column":15},"end":{"line":88,"column":16}},"loc":{"start":{"line":89,"column":4},"end":{"line":92,"column":null}},"line":89},"11":{"name":"(anonymous_11)","decl":{"start":{"line":93,"column":17},"end":{"line":93,"column":18}},"loc":{"start":{"line":94,"column":4},"end":{"line":94,"column":null}},"line":94},"12":{"name":"(anonymous_12)","decl":{"start":{"line":95,"column":26},"end":{"line":95,"column":null}},"loc":{"start":{"line":99,"column":4},"end":{"line":102,"column":null}},"line":99},"13":{"name":"(anonymous_13)","decl":{"start":{"line":103,"column":28},"end":{"line":103,"column":29}},"loc":{"start":{"line":104,"column":4},"end":{"line":104,"column":null}},"line":104},"14":{"name":"(anonymous_14)","decl":{"start":{"line":105,"column":20},"end":{"line":105,"column":21}},"loc":{"start":{"line":106,"column":4},"end":{"line":108,"column":null}},"line":106},"15":{"name":"(anonymous_15)","decl":{"start":{"line":109,"column":17},"end":{"line":109,"column":null}},"loc":{"start":{"line":110,"column":4},"end":{"line":110,"column":null}},"line":110},"16":{"name":"(anonymous_16)","decl":{"start":{"line":111,"column":15},"end":{"line":111,"column":16}},"loc":{"start":{"line":112,"column":4},"end":{"line":112,"column":null}},"line":112},"17":{"name":"(anonymous_17)","decl":{"start":{"line":113,"column":13},"end":{"line":113,"column":19}},"loc":{"start":{"line":113,"column":19},"end":{"line":113,"column":null}},"line":113},"18":{"name":"(anonymous_18)","decl":{"start":{"line":114,"column":13},"end":{"line":114,"column":14}},"loc":{"start":{"line":115,"column":4},"end":{"line":115,"column":null}},"line":115},"19":{"name":"(anonymous_19)","decl":{"start":{"line":116,"column":14},"end":{"line":116,"column":null}},"loc":{"start":{"line":117,"column":4},"end":{"line":117,"column":null}},"line":117},"20":{"name":"(anonymous_20)","decl":{"start":{"line":118,"column":20},"end":{"line":118,"column":26}},"loc":{"start":{"line":118,"column":26},"end":{"line":118,"column":null}},"line":118},"21":{"name":"(anonymous_21)","decl":{"start":{"line":119,"column":23},"end":{"line":119,"column":24}},"loc":{"start":{"line":120,"column":4},"end":{"line":120,"column":null}},"line":120},"22":{"name":"(anonymous_22)","decl":{"start":{"line":121,"column":20},"end":{"line":121,"column":26}},"loc":{"start":{"line":121,"column":26},"end":{"line":121,"column":null}},"line":121},"23":{"name":"(anonymous_23)","decl":{"start":{"line":122,"column":16},"end":{"line":122,"column":22}},"loc":{"start":{"line":122,"column":22},"end":{"line":122,"column":null}},"line":122},"24":{"name":"(anonymous_24)","decl":{"start":{"line":123,"column":17},"end":{"line":123,"column":18}},"loc":{"start":{"line":124,"column":4},"end":{"line":124,"column":null}},"line":124},"25":{"name":"(anonymous_25)","decl":{"start":{"line":125,"column":19},"end":{"line":125,"column":25}},"loc":{"start":{"line":125,"column":25},"end":{"line":125,"column":null}},"line":125},"26":{"name":"(anonymous_26)","decl":{"start":{"line":126,"column":20},"end":{"line":126,"column":21}},"loc":{"start":{"line":127,"column":4},"end":{"line":127,"column":null}},"line":127},"27":{"name":"(anonymous_27)","decl":{"start":{"line":128,"column":20},"end":{"line":128,"column":26}},"loc":{"start":{"line":128,"column":26},"end":{"line":128,"column":null}},"line":128},"28":{"name":"(anonymous_28)","decl":{"start":{"line":129,"column":20},"end":{"line":129,"column":26}},"loc":{"start":{"line":129,"column":26},"end":{"line":129,"column":null}},"line":129},"29":{"name":"(anonymous_29)","decl":{"start":{"line":130,"column":21},"end":{"line":130,"column":22}},"loc":{"start":{"line":131,"column":4},"end":{"line":131,"column":null}},"line":131},"30":{"name":"(anonymous_30)","decl":{"start":{"line":132,"column":12},"end":{"line":132,"column":18}},"loc":{"start":{"line":132,"column":18},"end":{"line":132,"column":null}},"line":132},"31":{"name":"(anonymous_31)","decl":{"start":{"line":133,"column":13},"end":{"line":133,"column":14}},"loc":{"start":{"line":134,"column":4},"end":{"line":134,"column":null}},"line":134},"32":{"name":"(anonymous_32)","decl":{"start":{"line":135,"column":16},"end":{"line":135,"column":22}},"loc":{"start":{"line":135,"column":22},"end":{"line":135,"column":null}},"line":135},"33":{"name":"(anonymous_33)","decl":{"start":{"line":136,"column":17},"end":{"line":136,"column":18}},"loc":{"start":{"line":137,"column":4},"end":{"line":137,"column":null}},"line":137}},"branchMap":{"0":{"loc":{"start":{"line":29,"column":47},"end":{"line":29,"column":89}},"type":"default-arg","locations":[{"start":{"line":29,"column":73},"end":{"line":29,"column":89}}],"line":29},"1":{"loc":{"start":{"line":30,"column":10},"end":{"line":30,"column":26}},"type":"default-arg","locations":[{"start":{"line":30,"column":19},"end":{"line":30,"column":26}}],"line":30},"2":{"loc":{"start":{"line":30,"column":32},"end":{"line":30,"column":63}},"type":"default-arg","locations":[{"start":{"line":30,"column":44},"end":{"line":30,"column":63}}],"line":30},"3":{"loc":{"start":{"line":33,"column":2},"end":{"line":36,"column":null}},"type":"if","locations":[{"start":{"line":33,"column":2},"end":{"line":36,"column":null}},{"start":{},"end":{}}],"line":33},"4":{"loc":{"start":{"line":48,"column":4},"end":{"line":50,"column":null}},"type":"if","locations":[{"start":{"line":48,"column":4},"end":{"line":50,"column":null}},{"start":{},"end":{}}],"line":48},"5":{"loc":{"start":{"line":56,"column":22},"end":{"line":56,"column":null}},"type":"binary-expr","locations":[{"start":{"line":56,"column":22},"end":{"line":56,"column":62}},{"start":{"line":56,"column":62},"end":{"line":56,"column":null}}],"line":56},"6":{"loc":{"start":{"line":58,"column":2},"end":{"line":62,"column":null}},"type":"if","locations":[{"start":{"line":58,"column":2},"end":{"line":62,"column":null}},{"start":{"line":60,"column":2},"end":{"line":62,"column":null}}],"line":58},"7":{"loc":{"start":{"line":60,"column":2},"end":{"line":62,"column":null}},"type":"if","locations":[{"start":{"line":60,"column":2},"end":{"line":62,"column":null}},{"start":{},"end":{}}],"line":60},"8":{"loc":{"start":{"line":64,"column":2},"end":{"line":67,"column":null}},"type":"if","locations":[{"start":{"line":64,"column":2},"end":{"line":67,"column":null}},{"start":{},"end":{}}],"line":64},"9":{"loc":{"start":{"line":65,"column":21},"end":{"line":65,"column":null}},"type":"binary-expr","locations":[{"start":{"line":65,"column":21},"end":{"line":65,"column":59}},{"start":{"line":65,"column":59},"end":{"line":65,"column":67}},{"start":{"line":65,"column":67},"end":{"line":65,"column":null}}],"line":65}},"s":{"0":2,"1":2,"2":2,"3":26,"4":26,"5":26,"6":10,"7":10,"8":26,"9":26,"10":0,"11":26,"12":26,"13":2,"14":1,"15":1,"16":26,"17":24,"18":26,"19":26,"20":20,"21":4,"22":1,"23":24,"24":2,"25":2,"26":22,"27":2,"28":1,"29":1,"30":0,"31":0,"32":3,"33":0,"34":0,"35":1,"36":0,"37":1,"38":0,"39":1,"40":0,"41":1,"42":1,"43":1,"44":2,"45":1,"46":1,"47":1,"48":0,"49":1,"50":0,"51":1,"52":1,"53":1,"54":1,"55":1,"56":1,"57":1,"58":1,"59":1},"f":{"0":26,"1":0,"2":1,"3":1,"4":0,"5":0,"6":3,"7":0,"8":0,"9":1,"10":0,"11":1,"12":0,"13":1,"14":0,"15":1,"16":1,"17":1,"18":2,"19":1,"20":1,"21":1,"22":0,"23":1,"24":0,"25":1,"26":1,"27":1,"28":1,"29":1,"30":1,"31":1,"32":1,"33":1},"b":{"0":[26],"1":[26],"2":[26],"3":[10,16],"4":[1,1],"5":[24,3],"6":[20,4],"7":[1,3],"8":[2,22],"9":[2,1,0]},"meta":{"lastBranch":10,"lastFunction":34,"lastStatement":60,"seen":{"s:18:17:18:Infinity":0,"s:19:30:19:Infinity":1,"s:27:27:27:Infinity":2,"f:29:22:29:33":0,"b:29:73:29:89":0,"s:30:67:30:Infinity":3,"b:30:19:30:26":1,"b:30:44:30:63":2,"s:31:42:31:Infinity":4,"b:33:2:36:Infinity:undefined:undefined:undefined:undefined":3,"s:33:2:36:Infinity":5,"s:34:4:34:Infinity":6,"s:35:4:35:Infinity":7,"s:37:21:37:Infinity":8,"s:38:20:38:Infinity":9,"f:38:38:38:44":1,"s:38:44:38:64":10,"s:40:2:54:Infinity":11,"s:41:4:46:Infinity":12,"b:48:4:50:Infinity:undefined:undefined:undefined:undefined":4,"s:48:4:50:Infinity":13,"s:49:6:49:Infinity":14,"s:51:4:51:Infinity":15,"s:53:4:53:Infinity":16,"s:56:22:56:Infinity":17,"b:56:22:56:62:56:62:56:Infinity":5,"s:57:22:57:Infinity":18,"b:58:2:62:Infinity:60:2:62:Infinity":6,"s:58:2:62:Infinity":19,"s:59:4:59:Infinity":20,"b:60:2:62:Infinity:undefined:undefined:undefined:undefined":7,"s:60:2:62:Infinity":21,"s:61:4:61:Infinity":22,"b:64:2:67:Infinity:undefined:undefined:undefined:undefined":8,"s:64:2:67:Infinity":23,"s:65:21:65:Infinity":24,"b:65:21:65:59:65:59:65:67:65:67:65:Infinity":9,"s:66:4:66:Infinity":25,"s:68:2:68:Infinity":26,"s:71:19:138:Infinity":27,"f:72:18:72:24":2,"s:72:24:72:Infinity":28,"f:73:19:73:20":3,"s:74:4:74:Infinity":29,"f:75:17:75:23":4,"s:75:23:75:Infinity":30,"f:76:14:76:15":5,"s:77:4:77:Infinity":31,"f:78:16:78:22":6,"s:78:22:78:Infinity":32,"f:79:14:79:15":7,"s:79:32:79:Infinity":33,"f:80:17:80:18":8,"s:81:4:81:Infinity":34,"f:82:17:82:18":9,"s:83:4:87:Infinity":35,"f:88:15:88:16":10,"s:89:4:92:Infinity":36,"f:93:17:93:18":11,"s:94:4:94:Infinity":37,"f:95:26:95:Infinity":12,"s:99:4:102:Infinity":38,"f:103:28:103:29":13,"s:104:4:104:Infinity":39,"f:105:20:105:21":14,"s:106:4:108:Infinity":40,"f:109:17:109:Infinity":15,"s:110:4:110:Infinity":41,"f:111:15:111:16":16,"s:112:4:112:Infinity":42,"f:113:13:113:19":17,"s:113:19:113:Infinity":43,"f:114:13:114:14":18,"s:115:4:115:Infinity":44,"f:116:14:116:Infinity":19,"s:117:4:117:Infinity":45,"f:118:20:118:26":20,"s:118:26:118:Infinity":46,"f:119:23:119:24":21,"s:120:4:120:Infinity":47,"f:121:20:121:26":22,"s:121:26:121:Infinity":48,"f:122:16:122:22":23,"s:122:22:122:Infinity":49,"f:123:17:123:18":24,"s:124:4:124:Infinity":50,"f:125:19:125:25":25,"s:125:25:125:Infinity":51,"f:126:20:126:21":26,"s:127:4:127:Infinity":52,"f:128:20:128:26":27,"s:128:26:128:Infinity":53,"f:129:20:129:26":28,"s:129:26:129:Infinity":54,"f:130:21:130:22":29,"s:131:4:131:Infinity":55,"f:132:12:132:18":30,"s:132:18:132:Infinity":56,"f:133:13:133:14":31,"s:134:4:134:Infinity":57,"f:135:16:135:22":32,"s:135:22:135:Infinity":58,"f:136:17:136:18":33,"s:137:4:137:Infinity":59}}}
,"D:\\rustdev\\qiguai\\webui\\config-manager-ui\\src\\components\\CorePanel.vue": {"path":"D:\\rustdev\\qiguai\\webui\\config-manager-ui\\src\\components\\CorePanel.vue","statementMap":{"0":{"start":{"line":14,"column":11},"end":{"line":14,"column":61}},"1":{"start":{"line":15,"column":11},"end":{"line":15,"column":39}},"2":{"start":{"line":20,"column":11},"end":{"line":20,"column":50}},"3":{"start":{"line":21,"column":12},"end":{"line":21,"column":29}},"4":{"start":{"line":28,"column":17},"end":{"line":28,"column":54}},"5":{"start":{"line":29,"column":17},"end":{"line":29,"column":45}},"6":{"start":{"line":2,"column":2},"end":{"line":44,"column":null}},"7":{"start":{"line":12,"column":20},"end":{"line":44,"column":null}},"8":{"start":{"line":5,"column":49},"end":{"line":5,"column":49}},"9":{"start":{"line":10,"column":19},"end":{"line":9,"column":null}},"10":{"start":{"line":8,"column":63},"end":{"line":8,"column":null}},"11":{"start":{"line":22,"column":10},"end":{"line":39,"column":null}},"12":{"start":{"line":37,"column":22},"end":{"line":37,"column":null}}},"fnMap":{"0":{"name":"(anonymous_0)","decl":{"start":{"line":12,"column":20},"end":{"line":12,"column":null}},"loc":{"start":{"line":12,"column":20},"end":{"line":44,"column":null}},"line":12},"1":{"name":"(anonymous_1)","decl":{"start":{"line":4,"column":24},"end":{"line":4,"column":null}},"loc":{"start":{"line":5,"column":49},"end":{"line":5,"column":49}},"line":5},"2":{"name":"(anonymous_2)","decl":{"start":{"line":7,"column":26},"end":{"line":7,"column":null}},"loc":{"start":{"line":10,"column":19},"end":{"line":9,"column":null}},"line":10},"3":{"name":"(anonymous_3)","decl":{"start":{"line":8,"column":61},"end":{"line":8,"column":63}},"loc":{"start":{"line":8,"column":63},"end":{"line":8,"column":null}},"line":8},"4":{"name":"(anonymous_4)","decl":{"start":{"line":23,"column":30},"end":{"line":23,"column":null}},"loc":{"start":{"line":23,"column":26},"end":{"line":39,"column":null}},"line":23},"5":{"name":"(anonymous_5)","decl":{"start":{"line":37,"column":15},"end":{"line":37,"column":20}},"loc":{"start":{"line":37,"column":22},"end":{"line":37,"column":null}},"line":37}},"branchMap":{"0":{"loc":{"start":{"line":8,"column":61},"end":{"line":8,"column":null}},"type":"binary-expr","locations":[{"start":{"line":8,"column":61},"end":{"line":8,"column":63}},{"start":{"line":8,"column":61},"end":{"line":8,"column":null}}],"line":8},"1":{"loc":{"start":{"line":16,"column":13},"end":{"line":16,"column":null}},"type":"cond-expr","locations":[{"start":{"line":16,"column":27},"end":{"line":16,"column":74}},{"start":{"line":16,"column":74},"end":{"line":16,"column":null}}],"line":16},"2":{"loc":{"start":{"line":30,"column":19},"end":{"line":30,"column":null}},"type":"cond-expr","locations":[{"start":{"line":30,"column":45},"end":{"line":30,"column":65}},{"start":{"line":30,"column":65},"end":{"line":30,"column":null}}],"line":30},"3":{"loc":{"start":{"line":35,"column":22},"end":{"line":35,"column":null}},"type":"cond-expr","locations":[{"start":{"line":35,"column":45},"end":{"line":35,"column":null}},{"start":{"line":35,"column":45},"end":{"line":35,"column":null}}],"line":35},"4":{"loc":{"start":{"line":39,"column":17},"end":{"line":39,"column":null}},"type":"cond-expr","locations":[{"start":{"line":39,"column":43},"end":{"line":39,"column":71}},{"start":{"line":39,"column":71},"end":{"line":39,"column":null}}],"line":39},"5":{"loc":{"start":{"line":43,"column":19},"end":{"line":44,"column":null}},"type":"cond-expr","locations":[{"start":{"line":43,"column":38},"end":{"line":44,"column":null}},{"start":{"line":44,"column":15},"end":{"line":44,"column":null}}],"line":43}},"s":{"0":1,"1":1,"2":1,"3":1,"4":1,"5":1,"6":3,"7":3,"8":3,"9":3,"10":0,"11":3,"12":1},"f":{"0":3,"1":3,"2":3,"3":0,"4":3,"5":1},"b":{"0":[3,3],"1":[2,1],"2":[1,2],"3":[1,2],"4":[1,2],"5":[1,2]},"meta":{"lastBranch":6,"lastFunction":6,"lastStatement":13,"seen":{"s:14:11:14:61":0,"s:15:11:15:39":1,"s:20:11:20:50":2,"s:21:12:21:29":3,"s:28:17:28:54":4,"s:29:17:29:45":5,"s:2:2:44:Infinity":6,"f:12:20:12:Infinity":0,"s:12:20:44:Infinity":7,"f:4:24:4:Infinity":1,"s:5:49:5:49":8,"f:7:26:7:Infinity":2,"s:10:19:9:Infinity":9,"b:8:61:8:63:8:61:8:Infinity":0,"f:8:61:8:63":3,"s:8:63:8:Infinity":10,"b:16:27:16:74:16:74:16:Infinity":1,"f:23:30:23:Infinity":4,"s:22:10:39:Infinity":11,"b:30:45:30:65:30:65:30:Infinity":2,"b:35:45:35:Infinity:35:45:35:Infinity":3,"f:37:15:37:20":5,"s:37:22:37:Infinity":12,"b:39:43:39:71:39:71:39:Infinity":4,"b:43:38:44:Infinity:44:15:44:Infinity":5}}}
,"D:\\rustdev\\qiguai\\webui\\config-manager-ui\\src\\components\\DnsPanel.vue": {"path":"D:\\rustdev\\qiguai\\webui\\config-manager-ui\\src\\components\\DnsPanel.vue","statementMap":{"0":{"start":{"line":162,"column":8},"end":{"line":162,"column":23}},"1":{"start":{"line":163,"column":28},"end":{"line":163,"column":64}},"2":{"start":{"line":165,"column":14},"end":{"line":165,"column":null}},"3":{"start":{"line":169,"column":13},"end":{"line":169,"column":null}},"4":{"start":{"line":176,"column":2},"end":{"line":179,"column":null}},"5":{"start":{"line":15,"column":11},"end":{"line":15,"column":52}},"6":{"start":{"line":16,"column":13},"end":{"line":16,"column":40}},"7":{"start":{"line":17,"column":17},"end":{"line":17,"column":35}},"8":{"start":{"line":18,"column":18},"end":{"line":18,"column":48}},"9":{"start":{"line":29,"column":13},"end":{"line":29,"column":40}},"10":{"start":{"line":30,"column":17},"end":{"line":30,"column":35}},"11":{"start":{"line":31,"column":18},"end":{"line":31,"column":48}},"12":{"start":{"line":42,"column":13},"end":{"line":42,"column":43}},"13":{"start":{"line":43,"column":15},"end":{"line":43,"column":42}},"14":{"start":{"line":44,"column":19},"end":{"line":44,"column":37}},"15":{"start":{"line":45,"column":20},"end":{"line":45,"column":50}},"16":{"start":{"line":52,"column":22},"end":{"line":52,"column":30}},"17":{"start":{"line":57,"column":15},"end":{"line":57,"column":42}},"18":{"start":{"line":58,"column":19},"end":{"line":58,"column":37}},"19":{"start":{"line":59,"column":20},"end":{"line":59,"column":50}},"20":{"start":{"line":71,"column":13},"end":{"line":71,"column":40}},"21":{"start":{"line":72,"column":17},"end":{"line":72,"column":35}},"22":{"start":{"line":73,"column":18},"end":{"line":73,"column":48}},"23":{"start":{"line":84,"column":13},"end":{"line":84,"column":43}},"24":{"start":{"line":97,"column":13},"end":{"line":97,"column":43}},"25":{"start":{"line":116,"column":13},"end":{"line":116,"column":40}},"26":{"start":{"line":117,"column":17},"end":{"line":117,"column":35}},"27":{"start":{"line":118,"column":18},"end":{"line":118,"column":48}},"28":{"start":{"line":128,"column":13},"end":{"line":128,"column":40}},"29":{"start":{"line":129,"column":17},"end":{"line":129,"column":35}},"30":{"start":{"line":130,"column":18},"end":{"line":130,"column":48}},"31":{"start":{"line":2,"column":2},"end":{"line":146,"column":null}},"32":{"start":{"line":13,"column":20},"end":{"line":146,"column":null}},"33":{"start":{"line":5,"column":47},"end":{"line":5,"column":47}},"34":{"start":{"line":11,"column":12},"end":{"line":10,"column":null}},"35":{"start":{"line":10,"column":33},"end":{"line":10,"column":61}},"36":{"start":{"line":25,"column":20},"end":{"line":25,"column":null}},"37":{"start":{"line":38,"column":20},"end":{"line":38,"column":null}},"38":{"start":{"line":50,"column":23},"end":{"line":50,"column":null}},"39":{"start":{"line":66,"column":22},"end":{"line":66,"column":null}},"40":{"start":{"line":80,"column":20},"end":{"line":80,"column":null}},"41":{"start":{"line":88,"column":33},"end":{"line":88,"column":59}},"42":{"start":{"line":93,"column":33},"end":{"line":93,"column":60}},"43":{"start":{"line":101,"column":33},"end":{"line":101,"column":64}},"44":{"start":{"line":106,"column":33},"end":{"line":106,"column":71}},"45":{"start":{"line":113,"column":31},"end":{"line":113,"column":66}},"46":{"start":{"line":124,"column":20},"end":{"line":124,"column":null}},"47":{"start":{"line":136,"column":20},"end":{"line":136,"column":null}},"48":{"start":{"line":144,"column":17},"end":{"line":146,"column":null}},"49":{"start":{"line":142,"column":61},"end":{"line":142,"column":null}},"50":{"start":{"line":145,"column":61},"end":{"line":145,"column":null}}},"fnMap":{"0":{"name":"updateField","decl":{"start":{"line":175,"column":9},"end":{"line":175,"column":48}},"loc":{"start":{"line":175,"column":79},"end":{"line":179,"column":null}},"line":175},"1":{"name":"(anonymous_1)","decl":{"start":{"line":13,"column":20},"end":{"line":13,"column":null}},"loc":{"start":{"line":13,"column":20},"end":{"line":146,"column":null}},"line":13},"2":{"name":"(anonymous_2)","decl":{"start":{"line":4,"column":24},"end":{"line":4,"column":null}},"loc":{"start":{"line":5,"column":47},"end":{"line":5,"column":47}},"line":5},"3":{"name":"(anonymous_3)","decl":{"start":{"line":7,"column":26},"end":{"line":7,"column":null}},"loc":{"start":{"line":11,"column":12},"end":{"line":10,"column":null}},"line":11},"4":{"name":"(anonymous_4)","decl":{"start":{"line":10,"column":31},"end":{"line":10,"column":33}},"loc":{"start":{"line":10,"column":33},"end":{"line":10,"column":61}},"line":10},"5":{"name":"(anonymous_5)","decl":{"start":{"line":25,"column":18},"end":{"line":25,"column":20}},"loc":{"start":{"line":25,"column":20},"end":{"line":25,"column":null}},"line":25},"6":{"name":"(anonymous_6)","decl":{"start":{"line":38,"column":18},"end":{"line":38,"column":20}},"loc":{"start":{"line":38,"column":20},"end":{"line":38,"column":null}},"line":38},"7":{"name":"(anonymous_7)","decl":{"start":{"line":50,"column":21},"end":{"line":50,"column":23}},"loc":{"start":{"line":50,"column":23},"end":{"line":50,"column":null}},"line":50},"8":{"name":"(anonymous_8)","decl":{"start":{"line":66,"column":20},"end":{"line":66,"column":22}},"loc":{"start":{"line":66,"column":22},"end":{"line":66,"column":null}},"line":66},"9":{"name":"(anonymous_9)","decl":{"start":{"line":80,"column":18},"end":{"line":80,"column":20}},"loc":{"start":{"line":80,"column":20},"end":{"line":80,"column":null}},"line":80},"10":{"name":"(anonymous_10)","decl":{"start":{"line":88,"column":31},"end":{"line":88,"column":33}},"loc":{"start":{"line":88,"column":33},"end":{"line":88,"column":59}},"line":88},"11":{"name":"(anonymous_11)","decl":{"start":{"line":93,"column":31},"end":{"line":93,"column":33}},"loc":{"start":{"line":93,"column":33},"end":{"line":93,"column":60}},"line":93},"12":{"name":"(anonymous_12)","decl":{"start":{"line":101,"column":31},"end":{"line":101,"column":33}},"loc":{"start":{"line":101,"column":33},"end":{"line":101,"column":64}},"line":101},"13":{"name":"(anonymous_13)","decl":{"start":{"line":106,"column":31},"end":{"line":106,"column":33}},"loc":{"start":{"line":106,"column":33},"end":{"line":106,"column":71}},"line":106},"14":{"name":"(anonymous_14)","decl":{"start":{"line":113,"column":29},"end":{"line":113,"column":31}},"loc":{"start":{"line":113,"column":31},"end":{"line":113,"column":66}},"line":113},"15":{"name":"(anonymous_15)","decl":{"start":{"line":124,"column":18},"end":{"line":124,"column":20}},"loc":{"start":{"line":124,"column":20},"end":{"line":124,"column":null}},"line":124},"16":{"name":"(anonymous_16)","decl":{"start":{"line":136,"column":18},"end":{"line":136,"column":20}},"loc":{"start":{"line":136,"column":20},"end":{"line":136,"column":null}},"line":136},"17":{"name":"(anonymous_17)","decl":{"start":{"line":144,"column":17},"end":{"line":144,"column":null}},"loc":{"start":{"line":144,"column":17},"end":{"line":146,"column":null}},"line":144},"18":{"name":"(anonymous_18)","decl":{"start":{"line":142,"column":59},"end":{"line":142,"column":61}},"loc":{"start":{"line":142,"column":61},"end":{"line":142,"column":null}},"line":142},"19":{"name":"(anonymous_19)","decl":{"start":{"line":145,"column":59},"end":{"line":145,"column":61}},"loc":{"start":{"line":145,"column":61},"end":{"line":145,"column":null}},"line":145}},"branchMap":{"0":{"loc":{"start":{"line":9,"column":26},"end":{"line":9,"column":null}},"type":"binary-expr","locations":[{"start":{"line":9,"column":26},"end":{"line":9,"column":43}},{"start":{"line":9,"column":43},"end":{"line":9,"column":null}}],"line":9},"1":{"loc":{"start":{"line":10,"column":31},"end":{"line":10,"column":null}},"type":"binary-expr","locations":[{"start":{"line":10,"column":31},"end":{"line":10,"column":33}},{"start":{"line":10,"column":31},"end":{"line":10,"column":61}}],"line":10},"2":{"loc":{"start":{"line":25,"column":18},"end":{"line":25,"column":null}},"type":"binary-expr","locations":[{"start":{"line":25,"column":18},"end":{"line":25,"column":20}},{"start":{"line":25,"column":18},"end":{"line":25,"column":null}}],"line":25},"3":{"loc":{"start":{"line":38,"column":18},"end":{"line":38,"column":null}},"type":"binary-expr","locations":[{"start":{"line":38,"column":18},"end":{"line":38,"column":20}},{"start":{"line":38,"column":18},"end":{"line":38,"column":null}}],"line":38},"4":{"loc":{"start":{"line":49,"column":22},"end":{"line":49,"column":null}},"type":"binary-expr","locations":[{"start":{"line":49,"column":22},"end":{"line":49,"column":46}},{"start":{"line":49,"column":46},"end":{"line":49,"column":null}}],"line":49},"5":{"loc":{"start":{"line":50,"column":21},"end":{"line":50,"column":null}},"type":"binary-expr","locations":[{"start":{"line":50,"column":21},"end":{"line":50,"column":23}},{"start":{"line":50,"column":21},"end":{"line":50,"column":null}}],"line":50},"6":{"loc":{"start":{"line":53,"column":14},"end":{"line":53,"column":54}},"type":"binary-expr","locations":[{"start":{"line":53,"column":14},"end":{"line":53,"column":22}},{"start":{"line":53,"column":14},"end":{"line":53,"column":54}}],"line":53},"7":{"loc":{"start":{"line":54,"column":14},"end":{"line":54,"column":60}},"type":"binary-expr","locations":[{"start":{"line":54,"column":14},"end":{"line":54,"column":22}},{"start":{"line":54,"column":14},"end":{"line":54,"column":60}}],"line":54},"8":{"loc":{"start":{"line":65,"column":22},"end":{"line":65,"column":null}},"type":"binary-expr","locations":[{"start":{"line":65,"column":22},"end":{"line":65,"column":46}},{"start":{"line":65,"column":46},"end":{"line":65,"column":null}}],"line":65},"9":{"loc":{"start":{"line":66,"column":20},"end":{"line":66,"column":null}},"type":"binary-expr","locations":[{"start":{"line":66,"column":20},"end":{"line":66,"column":22}},{"start":{"line":66,"column":20},"end":{"line":66,"column":null}}],"line":66},"10":{"loc":{"start":{"line":80,"column":18},"end":{"line":80,"column":null}},"type":"binary-expr","locations":[{"start":{"line":80,"column":18},"end":{"line":80,"column":20}},{"start":{"line":80,"column":18},"end":{"line":80,"column":null}}],"line":80},"11":{"loc":{"start":{"line":86,"column":26},"end":{"line":86,"column":null}},"type":"binary-expr","locations":[{"start":{"line":86,"column":26},"end":{"line":86,"column":41}},{"start":{"line":86,"column":41},"end":{"line":86,"column":null}}],"line":86},"12":{"loc":{"start":{"line":88,"column":31},"end":{"line":88,"column":null}},"type":"binary-expr","locations":[{"start":{"line":88,"column":31},"end":{"line":88,"column":33}},{"start":{"line":88,"column":31},"end":{"line":88,"column":59}}],"line":88},"13":{"loc":{"start":{"line":91,"column":26},"end":{"line":91,"column":null}},"type":"binary-expr","locations":[{"start":{"line":91,"column":26},"end":{"line":91,"column":42}},{"start":{"line":91,"column":42},"end":{"line":91,"column":null}}],"line":91},"14":{"loc":{"start":{"line":93,"column":31},"end":{"line":93,"column":null}},"type":"binary-expr","locations":[{"start":{"line":93,"column":31},"end":{"line":93,"column":33}},{"start":{"line":93,"column":31},"end":{"line":93,"column":60}}],"line":93},"15":{"loc":{"start":{"line":99,"column":26},"end":{"line":99,"column":null}},"type":"binary-expr","locations":[{"start":{"line":99,"column":26},"end":{"line":99,"column":46}},{"start":{"line":99,"column":46},"end":{"line":99,"column":null}}],"line":99},"16":{"loc":{"start":{"line":101,"column":31},"end":{"line":101,"column":null}},"type":"binary-expr","locations":[{"start":{"line":101,"column":31},"end":{"line":101,"column":33}},{"start":{"line":101,"column":31},"end":{"line":101,"column":64}}],"line":101},"17":{"loc":{"start":{"line":104,"column":26},"end":{"line":104,"column":null}},"type":"binary-expr","locations":[{"start":{"line":104,"column":26},"end":{"line":104,"column":53}},{"start":{"line":104,"column":53},"end":{"line":104,"column":null}}],"line":104},"18":{"loc":{"start":{"line":106,"column":31},"end":{"line":106,"column":null}},"type":"binary-expr","locations":[{"start":{"line":106,"column":31},"end":{"line":106,"column":33}},{"start":{"line":106,"column":31},"end":{"line":106,"column":71}}],"line":106},"19":{"loc":{"start":{"line":111,"column":24},"end":{"line":111,"column":null}},"type":"binary-expr","locations":[{"start":{"line":111,"column":24},"end":{"line":111,"column":48}},{"start":{"line":111,"column":48},"end":{"line":111,"column":null}}],"line":111},"20":{"loc":{"start":{"line":113,"column":29},"end":{"line":113,"column":null}},"type":"binary-expr","locations":[{"start":{"line":113,"column":29},"end":{"line":113,"column":31}},{"start":{"line":113,"column":29},"end":{"line":113,"column":66}}],"line":113},"21":{"loc":{"start":{"line":124,"column":18},"end":{"line":124,"column":null}},"type":"binary-expr","locations":[{"start":{"line":124,"column":18},"end":{"line":124,"column":20}},{"start":{"line":124,"column":18},"end":{"line":124,"column":null}}],"line":124},"22":{"loc":{"start":{"line":136,"column":18},"end":{"line":136,"column":null}},"type":"binary-expr","locations":[{"start":{"line":136,"column":18},"end":{"line":136,"column":20}},{"start":{"line":136,"column":18},"end":{"line":136,"column":null}}],"line":136},"23":{"loc":{"start":{"line":142,"column":59},"end":{"line":142,"column":null}},"type":"binary-expr","locations":[{"start":{"line":142,"column":59},"end":{"line":142,"column":61}},{"start":{"line":142,"column":59},"end":{"line":142,"column":null}}],"line":142},"24":{"loc":{"start":{"line":145,"column":59},"end":{"line":145,"column":null}},"type":"binary-expr","locations":[{"start":{"line":145,"column":59},"end":{"line":145,"column":61}},{"start":{"line":145,"column":59},"end":{"line":145,"column":null}}],"line":145}},"s":{"0":3,"1":3,"2":3,"3":3,"4":1,"5":1,"6":1,"7":1,"8":1,"9":1,"10":1,"11":1,"12":1,"13":1,"14":1,"15":1,"16":1,"17":1,"18":1,"19":1,"20":1,"21":1,"22":1,"23":1,"24":1,"25":1,"26":1,"27":1,"28":1,"29":1,"30":1,"31":3,"32":3,"33":3,"34":3,"35":0,"36":1,"37":0,"38":0,"39":0,"40":0,"41":0,"42":0,"43":0,"44":0,"45":0,"46":0,"47":0,"48":3,"49":1,"50":1},"f":{"0":1,"1":3,"2":3,"3":3,"4":0,"5":1,"6":0,"7":0,"8":0,"9":0,"10":0,"11":0,"12":0,"13":0,"14":0,"15":0,"16":0,"17":3,"18":1,"19":1},"b":{"0":[3,2],"1":[3,3],"2":[3,3],"3":[3,3],"4":[3,2],"5":[3,3],"6":[3,3],"7":[3,3],"8":[3,3],"9":[3,3],"10":[3,3],"11":[3,3],"12":[3,3],"13":[3,3],"14":[3,3],"15":[3,3],"16":[3,3],"17":[3,3],"18":[3,3],"19":[3,3],"20":[3,3],"21":[3,3],"22":[3,3],"23":[3,3],"24":[3,3]},"meta":{"lastBranch":25,"lastFunction":20,"lastStatement":51,"seen":{"s:162:8:162:23":0,"s:163:28:163:64":1,"s:165:14:165:Infinity":2,"s:169:13:169:Infinity":3,"f:175:9:175:48":0,"s:176:2:179:Infinity":4,"s:15:11:15:52":5,"s:16:13:16:40":6,"s:17:17:17:35":7,"s:18:18:18:48":8,"s:29:13:29:40":9,"s:30:17:30:35":10,"s:31:18:31:48":11,"s:42:13:42:43":12,"s:43:15:43:42":13,"s:44:19:44:37":14,"s:45:20:45:50":15,"s:52:22:52:30":16,"s:57:15:57:42":17,"s:58:19:58:37":18,"s:59:20:59:50":19,"s:71:13:71:40":20,"s:72:17:72:35":21,"s:73:18:73:48":22,"s:84:13:84:43":23,"s:97:13:97:43":24,"s:116:13:116:40":25,"s:117:17:117:35":26,"s:118:18:118:48":27,"s:128:13:128:40":28,"s:129:17:129:35":29,"s:130:18:130:48":30,"s:2:2:146:Infinity":31,"f:13:20:13:Infinity":1,"s:13:20:146:Infinity":32,"f:4:24:4:Infinity":2,"s:5:47:5:47":33,"f:7:26:7:Infinity":3,"s:11:12:10:Infinity":34,"b:9:26:9:43:9:43:9:Infinity":0,"b:10:31:10:33:10:31:10:61":1,"f:10:31:10:33":4,"s:10:33:10:61":35,"b:25:18:25:20:25:18:25:Infinity":2,"f:25:18:25:20":5,"s:25:20:25:Infinity":36,"b:38:18:38:20:38:18:38:Infinity":3,"f:38:18:38:20":6,"s:38:20:38:Infinity":37,"b:49:22:49:46:49:46:49:Infinity":4,"b:50:21:50:23:50:21:50:Infinity":5,"f:50:21:50:23":7,"s:50:23:50:Infinity":38,"b:53:14:53:22:53:14:53:54":6,"b:54:14:54:22:54:14:54:60":7,"b:65:22:65:46:65:46:65:Infinity":8,"b:66:20:66:22:66:20:66:Infinity":9,"f:66:20:66:22":8,"s:66:22:66:Infinity":39,"b:80:18:80:20:80:18:80:Infinity":10,"f:80:18:80:20":9,"s:80:20:80:Infinity":40,"b:86:26:86:41:86:41:86:Infinity":11,"b:88:31:88:33:88:31:88:59":12,"f:88:31:88:33":10,"s:88:33:88:59":41,"b:91:26:91:42:91:42:91:Infinity":13,"b:93:31:93:33:93:31:93:60":14,"f:93:31:93:33":11,"s:93:33:93:60":42,"b:99:26:99:46:99:46:99:Infinity":15,"b:101:31:101:33:101:31:101:64":16,"f:101:31:101:33":12,"s:101:33:101:64":43,"b:104:26:104:53:104:53:104:Infinity":17,"b:106:31:106:33:106:31:106:71":18,"f:106:31:106:33":13,"s:106:33:106:71":44,"b:111:24:111:48:111:48:111:Infinity":19,"b:113:29:113:31:113:29:113:66":20,"f:113:29:113:31":14,"s:113:31:113:66":45,"b:124:18:124:20:124:18:124:Infinity":21,"f:124:18:124:20":15,"s:124:20:124:Infinity":46,"b:136:18:136:20:136:18:136:Infinity":22,"f:136:18:136:20":16,"s:136:20:136:Infinity":47,"f:144:17:144:Infinity":17,"s:144:17:146:Infinity":48,"b:142:59:142:61:142:59:142:Infinity":23,"f:142:59:142:61":18,"s:142:61:142:Infinity":49,"b:145:59:145:61:145:59:145:Infinity":24,"f:145:59:145:61":19,"s:145:61:145:Infinity":50}}}
,"D:\\rustdev\\qiguai\\webui\\config-manager-ui\\src\\components\\FakeIpPanel.vue": {"path":"D:\\rustdev\\qiguai\\webui\\config-manager-ui\\src\\components\\FakeIpPanel.vue","statementMap":{"0":{"start":{"line":67,"column":8},"end":{"line":67,"column":23}},"1":{"start":{"line":68,"column":28},"end":{"line":68,"column":64}},"2":{"start":{"line":70,"column":14},"end":{"line":70,"column":null}},"3":{"start":{"line":74,"column":13},"end":{"line":74,"column":null}},"4":{"start":{"line":82,"column":2},"end":{"line":85,"column":null}},"5":{"start":{"line":9,"column":11},"end":{"line":9,"column":52}},"6":{"start":{"line":10,"column":13},"end":{"line":10,"column":40}},"7":{"start":{"line":11,"column":17},"end":{"line":11,"column":35}},"8":{"start":{"line":12,"column":18},"end":{"line":12,"column":48}},"9":{"start":{"line":23,"column":13},"end":{"line":23,"column":40}},"10":{"start":{"line":24,"column":17},"end":{"line":24,"column":35}},"11":{"start":{"line":25,"column":18},"end":{"line":25,"column":48}},"12":{"start":{"line":2,"column":2},"end":{"line":51,"column":null}},"13":{"start":{"line":7,"column":20},"end":{"line":51,"column":null}},"14":{"start":{"line":5,"column":51},"end":{"line":5,"column":51}},"15":{"start":{"line":19,"column":20},"end":{"line":19,"column":null}},"16":{"start":{"line":32,"column":20},"end":{"line":32,"column":null}},"17":{"start":{"line":39,"column":31},"end":{"line":39,"column":66}},"18":{"start":{"line":46,"column":17},"end":{"line":51,"column":null}},"19":{"start":{"line":44,"column":61},"end":{"line":44,"column":null}},"20":{"start":{"line":47,"column":63},"end":{"line":47,"column":null}},"21":{"start":{"line":50,"column":61},"end":{"line":50,"column":null}}},"fnMap":{"0":{"name":"updateField","decl":{"start":{"line":81,"column":9},"end":{"line":81,"column":51}},"loc":{"start":{"line":81,"column":85},"end":{"line":85,"column":null}},"line":81},"1":{"name":"(anonymous_1)","decl":{"start":{"line":7,"column":20},"end":{"line":7,"column":null}},"loc":{"start":{"line":7,"column":20},"end":{"line":51,"column":null}},"line":7},"2":{"name":"(anonymous_2)","decl":{"start":{"line":4,"column":24},"end":{"line":4,"column":null}},"loc":{"start":{"line":5,"column":51},"end":{"line":5,"column":51}},"line":5},"3":{"name":"(anonymous_3)","decl":{"start":{"line":19,"column":18},"end":{"line":19,"column":20}},"loc":{"start":{"line":19,"column":20},"end":{"line":19,"column":null}},"line":19},"4":{"name":"(anonymous_4)","decl":{"start":{"line":32,"column":18},"end":{"line":32,"column":20}},"loc":{"start":{"line":32,"column":20},"end":{"line":32,"column":null}},"line":32},"5":{"name":"(anonymous_5)","decl":{"start":{"line":39,"column":29},"end":{"line":39,"column":31}},"loc":{"start":{"line":39,"column":31},"end":{"line":39,"column":66}},"line":39},"6":{"name":"(anonymous_6)","decl":{"start":{"line":46,"column":17},"end":{"line":46,"column":null}},"loc":{"start":{"line":46,"column":17},"end":{"line":51,"column":null}},"line":46},"7":{"name":"(anonymous_7)","decl":{"start":{"line":44,"column":59},"end":{"line":44,"column":61}},"loc":{"start":{"line":44,"column":61},"end":{"line":44,"column":null}},"line":44},"8":{"name":"(anonymous_8)","decl":{"start":{"line":47,"column":61},"end":{"line":47,"column":63}},"loc":{"start":{"line":47,"column":63},"end":{"line":47,"column":null}},"line":47},"9":{"name":"(anonymous_9)","decl":{"start":{"line":50,"column":59},"end":{"line":50,"column":61}},"loc":{"start":{"line":50,"column":61},"end":{"line":50,"column":null}},"line":50}},"branchMap":{"0":{"loc":{"start":{"line":18,"column":20},"end":{"line":18,"column":null}},"type":"binary-expr","locations":[{"start":{"line":18,"column":20},"end":{"line":18,"column":44}},{"start":{"line":18,"column":44},"end":{"line":18,"column":null}}],"line":18},"1":{"loc":{"start":{"line":19,"column":18},"end":{"line":19,"column":null}},"type":"binary-expr","locations":[{"start":{"line":19,"column":18},"end":{"line":19,"column":20}},{"start":{"line":19,"column":18},"end":{"line":19,"column":null}}],"line":19},"2":{"loc":{"start":{"line":32,"column":18},"end":{"line":32,"column":null}},"type":"binary-expr","locations":[{"start":{"line":32,"column":18},"end":{"line":32,"column":20}},{"start":{"line":32,"column":18},"end":{"line":32,"column":null}}],"line":32},"3":{"loc":{"start":{"line":37,"column":24},"end":{"line":37,"column":null}},"type":"binary-expr","locations":[{"start":{"line":37,"column":24},"end":{"line":37,"column":48}},{"start":{"line":37,"column":48},"end":{"line":37,"column":null}}],"line":37},"4":{"loc":{"start":{"line":39,"column":29},"end":{"line":39,"column":null}},"type":"binary-expr","locations":[{"start":{"line":39,"column":29},"end":{"line":39,"column":31}},{"start":{"line":39,"column":29},"end":{"line":39,"column":66}}],"line":39},"5":{"loc":{"start":{"line":44,"column":59},"end":{"line":44,"column":null}},"type":"binary-expr","locations":[{"start":{"line":44,"column":59},"end":{"line":44,"column":61}},{"start":{"line":44,"column":59},"end":{"line":44,"column":null}}],"line":44},"6":{"loc":{"start":{"line":47,"column":61},"end":{"line":47,"column":null}},"type":"binary-expr","locations":[{"start":{"line":47,"column":61},"end":{"line":47,"column":63}},{"start":{"line":47,"column":61},"end":{"line":47,"column":null}}],"line":47},"7":{"loc":{"start":{"line":50,"column":59},"end":{"line":50,"column":null}},"type":"binary-expr","locations":[{"start":{"line":50,"column":59},"end":{"line":50,"column":61}},{"start":{"line":50,"column":59},"end":{"line":50,"column":null}}],"line":50}},"s":{"0":3,"1":3,"2":3,"3":3,"4":1,"5":1,"6":1,"7":1,"8":1,"9":1,"10":1,"11":1,"12":3,"13":3,"14":3,"15":1,"16":0,"17":0,"18":3,"19":0,"20":1,"21":0},"f":{"0":1,"1":3,"2":3,"3":1,"4":0,"5":0,"6":3,"7":0,"8":1,"9":0},"b":{"0":[3,2],"1":[3,3],"2":[3,3],"3":[3,2],"4":[3,3],"5":[3,3],"6":[3,3],"7":[3,3]},"meta":{"lastBranch":8,"lastFunction":10,"lastStatement":22,"seen":{"s:67:8:67:23":0,"s:68:28:68:64":1,"s:70:14:70:Infinity":2,"s:74:13:74:Infinity":3,"f:81:9:81:51":0,"s:82:2:85:Infinity":4,"s:9:11:9:52":5,"s:10:13:10:40":6,"s:11:17:11:35":7,"s:12:18:12:48":8,"s:23:13:23:40":9,"s:24:17:24:35":10,"s:25:18:25:48":11,"s:2:2:51:Infinity":12,"f:7:20:7:Infinity":1,"s:7:20:51:Infinity":13,"f:4:24:4:Infinity":2,"s:5:51:5:51":14,"b:18:20:18:44:18:44:18:Infinity":0,"b:19:18:19:20:19:18:19:Infinity":1,"f:19:18:19:20":3,"s:19:20:19:Infinity":15,"b:32:18:32:20:32:18:32:Infinity":2,"f:32:18:32:20":4,"s:32:20:32:Infinity":16,"b:37:24:37:48:37:48:37:Infinity":3,"b:39:29:39:31:39:29:39:66":4,"f:39:29:39:31":5,"s:39:31:39:66":17,"f:46:17:46:Infinity":6,"s:46:17:51:Infinity":18,"b:44:59:44:61:44:59:44:Infinity":5,"f:44:59:44:61":7,"s:44:61:44:Infinity":19,"b:47:61:47:63:47:61:47:Infinity":6,"f:47:61:47:63":8,"s:47:63:47:Infinity":20,"b:50:59:50:61:50:59:50:Infinity":7,"f:50:59:50:61":9,"s:50:61:50:Infinity":21}}}
,"D:\\rustdev\\qiguai\\webui\\config-manager-ui\\src\\components\\FormSwitch.vue": {"path":"D:\\rustdev\\qiguai\\webui\\config-manager-ui\\src\\components\\FormSwitch.vue","statementMap":{"0":{"start":{"line":8,"column":13},"end":{"line":8,"column":null}},"1":{"start":{"line":12,"column":6},"end":{"line":14,"column":null}},"2":{"start":{"line":13,"column":17},"end":{"line":13,"column":null}},"3":{"start":{"line":14,"column":2},"end":{"line":14,"column":null}},"4":{"start":{"line":19,"column":9},"end":{"line":19,"column":68}},"5":{"start":{"line":19,"column":2},"end":{"line":38,"column":96}}},"fnMap":{"0":{"name":"(anonymous_0)","decl":{"start":{"line":12,"column":6},"end":{"line":12,"column":16}},"loc":{"start":{"line":12,"column":33},"end":{"line":14,"column":null}},"line":12}},"branchMap":{"0":{"loc":{"start":{"line":22,"column":14},"end":{"line":22,"column":null}},"type":"cond-expr","locations":[{"start":{"line":22,"column":24},"end":{"line":22,"column":null}},{"start":{"line":22,"column":24},"end":{"line":22,"column":null}}],"line":22},"1":{"loc":{"start":{"line":33,"column":16},"end":{"line":33,"column":null}},"type":"cond-expr","locations":[{"start":{"line":33,"column":26},"end":{"line":33,"column":null}},{"start":{"line":33,"column":26},"end":{"line":33,"column":null}}],"line":33},"2":{"loc":{"start":{"line":36,"column":15},"end":{"line":38,"column":96}},"type":"cond-expr","locations":[{"start":{"line":36,"column":24},"end":{"line":38,"column":96}},{"start":{"line":38,"column":86},"end":{"line":38,"column":96}}],"line":36},"3":{"loc":{"start":{"line":36,"column":15},"end":{"line":36,"column":37}},"type":"binary-expr","locations":[{"start":{"line":36,"column":15},"end":{"line":36,"column":24}},{"start":{"line":36,"column":24},"end":{"line":36,"column":37}}],"line":36},"4":{"loc":{"start":{"line":37,"column":18},"end":{"line":37,"column":98}},"type":"cond-expr","locations":[{"start":{"line":37,"column":18},"end":{"line":37,"column":98}},{"start":{"line":37,"column":88},"end":{"line":37,"column":98}}],"line":37},"5":{"loc":{"start":{"line":38,"column":18},"end":{"line":38,"column":96}},"type":"cond-expr","locations":[{"start":{"line":38,"column":18},"end":{"line":38,"column":96}},{"start":{"line":38,"column":86},"end":{"line":38,"column":96}}],"line":38}},"s":{"0":37,"1":37,"2":1,"3":1,"4":5,"5":37},"f":{"0":1},"b":{"0":[4,33],"1":[4,33],"2":[28,9],"3":[37,9],"4":[28,0],"5":[1,27]},"meta":{"lastBranch":6,"lastFunction":1,"lastStatement":6,"seen":{"s:8:13:8:Infinity":0,"s:12:6:14:Infinity":1,"f:12:6:12:16":0,"s:13:17:13:Infinity":2,"s:14:2:14:Infinity":3,"s:19:9:19:68":4,"s:19:2:38:96":5,"b:22:24:22:Infinity:22:24:22:Infinity":0,"b:33:26:33:Infinity:33:26:33:Infinity":1,"b:36:24:38:96:38:86:38:96":2,"b:36:15:36:24:36:24:36:37":3,"b:37:18:37:98:37:88:37:98":4,"b:38:18:38:96:38:86:38:96":5}}}
,"D:\\rustdev\\qiguai\\webui\\config-manager-ui\\src\\components\\PanelCard.vue": {"path":"D:\\rustdev\\qiguai\\webui\\config-manager-ui\\src\\components\\PanelCard.vue","statementMap":{"0":{"start":{"line":3,"column":9},"end":{"line":3,"column":41}},"1":{"start":{"line":2,"column":2},"end":{"line":4,"column":null}},"2":{"start":{"line":5,"column":10},"end":{"line":4,"column":null}}},"fnMap":{"0":{"name":"(anonymous_0)","decl":{"start":{"line":5,"column":10},"end":{"line":5,"column":null}},"loc":{"start":{"line":5,"column":10},"end":{"line":4,"column":null}},"line":5}},"branchMap":{},"s":{"0":6,"1":19,"2":19},"f":{"0":19},"b":{},"meta":{"lastBranch":0,"lastFunction":1,"lastStatement":3,"seen":{"s:3:9:3:41":0,"s:2:2:4:Infinity":1,"f:5:10:5:Infinity":0,"s:5:10:4:Infinity":2}}}
,"D:\\rustdev\\qiguai\\webui\\config-manager-ui\\src\\components\\PanelFooter.vue": {"path":"D:\\rustdev\\qiguai\\webui\\config-manager-ui\\src\\components\\PanelFooter.vue","statementMap":{"0":{"start":{"line":2,"column":7},"end":{"line":2,"column":null}},"1":{"start":{"line":2,"column":2},"end":{"line":3,"column":null}}},"fnMap":{},"branchMap":{},"s":{"0":3,"1":9},"f":{},"b":{},"meta":{"lastBranch":0,"lastFunction":0,"lastStatement":2,"seen":{"s:2:7:2:Infinity":0,"s:2:2:3:Infinity":1}}}
,"D:\\rustdev\\qiguai\\webui\\config-manager-ui\\src\\components\\PanelHeader.vue": {"path":"D:\\rustdev\\qiguai\\webui\\config-manager-ui\\src\\components\\PanelHeader.vue","statementMap":{"0":{"start":{"line":2,"column":7},"end":{"line":2,"column":null}},"1":{"start":{"line":3,"column":9},"end":{"line":3,"column":null}},"2":{"start":{"line":6,"column":9},"end":{"line":6,"column":null}},"3":{"start":{"line":2,"column":2},"end":{"line":7,"column":null}}},"fnMap":{},"branchMap":{},"s":{"0":5,"1":5,"2":5,"3":16},"f":{},"b":{},"meta":{"lastBranch":0,"lastFunction":0,"lastStatement":4,"seen":{"s:2:7:2:Infinity":0,"s:3:9:3:Infinity":1,"s:6:9:6:Infinity":2,"s:2:2:7:Infinity":3}}}
,"D:\\rustdev\\qiguai\\webui\\config-manager-ui\\src\\components\\PanelTitle.vue": {"path":"D:\\rustdev\\qiguai\\webui\\config-manager-ui\\src\\components\\PanelTitle.vue","statementMap":{"0":{"start":{"line":2,"column":7},"end":{"line":2,"column":38}},"1":{"start":{"line":2,"column":2},"end":{"line":6,"column":72}}},"fnMap":{},"branchMap":{"0":{"loc":{"start":{"line":3,"column":16},"end":{"line":6,"column":11}},"type":"cond-expr","locations":[{"start":{"line":3,"column":23},"end":{"line":6,"column":11}},{"start":{"line":6,"column":4},"end":{"line":6,"column":11}}],"line":3}},"s":{"0":5,"1":16},"f":{},"b":{"0":[0,16]},"meta":{"lastBranch":1,"lastFunction":0,"lastStatement":2,"seen":{"s:2:7:2:38":0,"s:2:2:6:72":1,"b:3:23:6:11:6:4:6:11":0}}}
,"D:\\rustdev\\qiguai\\webui\\config-manager-ui\\src\\components\\ProfilesPanel.vue": {"path":"D:\\rustdev\\qiguai\\webui\\config-manager-ui\\src\\components\\ProfilesPanel.vue","statementMap":{"0":{"start":{"line":165,"column":14},"end":{"line":165,"column":null}},"1":{"start":{"line":171,"column":13},"end":{"line":171,"column":null}},"2":{"start":{"line":183,"column":8},"end":{"line":183,"column":23}},"3":{"start":{"line":185,"column":6},"end":{"line":188,"column":2}},"4":{"start":{"line":186,"column":13},"end":{"line":186,"column":null}},"5":{"start":{"line":187,"column":16},"end":{"line":187,"column":null}},"6":{"start":{"line":190,"column":6},"end":{"line":194,"column":null}},"7":{"start":{"line":191,"column":2},"end":{"line":191,"column":null}},"8":{"start":{"line":191,"column":26},"end":{"line":191,"column":null}},"9":{"start":{"line":192,"column":16},"end":{"line":192,"column":47}},"10":{"start":{"line":193,"column":2},"end":{"line":193,"column":null}},"11":{"start":{"line":193,"column":38},"end":{"line":193,"column":74}},"12":{"start":{"line":197,"column":2},"end":{"line":197,"column":null}},"13":{"start":{"line":197,"column":14},"end":{"line":197,"column":null}},"14":{"start":{"line":198,"column":15},"end":{"line":198,"column":30}},"15":{"start":{"line":199,"column":14},"end":{"line":199,"column":24}},"16":{"start":{"line":200,"column":17},"end":{"line":200,"column":47}},"17":{"start":{"line":201,"column":2},"end":{"line":201,"column":null}},"18":{"start":{"line":201,"column":19},"end":{"line":201,"column":null}},"19":{"start":{"line":203,"column":18},"end":{"line":203,"column":43}},"20":{"start":{"line":204,"column":2},"end":{"line":204,"column":null}},"21":{"start":{"line":204,"column":20},"end":{"line":204,"column":null}},"22":{"start":{"line":206,"column":16},"end":{"line":206,"column":39}},"23":{"start":{"line":207,"column":2},"end":{"line":207,"column":null}},"24":{"start":{"line":207,"column":18},"end":{"line":207,"column":null}},"25":{"start":{"line":209,"column":15},"end":{"line":209,"column":36}},"26":{"start":{"line":210,"column":2},"end":{"line":210,"column":null}},"27":{"start":{"line":214,"column":2},"end":{"line":214,"column":null}},"28":{"start":{"line":214,"column":14},"end":{"line":214,"column":null}},"29":{"start":{"line":215,"column":2},"end":{"line":215,"column":null}},"30":{"start":{"line":219,"column":2},"end":{"line":219,"column":null}},"31":{"start":{"line":219,"column":12},"end":{"line":219,"column":null}},"32":{"start":{"line":220,"column":2},"end":{"line":220,"column":null}},"33":{"start":{"line":220,"column":23},"end":{"line":220,"column":null}},"34":{"start":{"line":221,"column":2},"end":{"line":221,"column":null}},"35":{"start":{"line":229,"column":6},"end":{"line":229,"column":62}},"36":{"start":{"line":230,"column":6},"end":{"line":230,"column":57}},"37":{"start":{"line":233,"column":2},"end":{"line":233,"column":null}},"38":{"start":{"line":234,"column":2},"end":{"line":240,"column":null}},"39":{"start":{"line":235,"column":20},"end":{"line":235,"column":61}},"40":{"start":{"line":235,"column":45},"end":{"line":235,"column":61}},"41":{"start":{"line":236,"column":4},"end":{"line":240,"column":null}},"42":{"start":{"line":237,"column":6},"end":{"line":240,"column":null}},"43":{"start":{"line":246,"column":2},"end":{"line":250,"column":null}},"44":{"start":{"line":247,"column":4},"end":{"line":250,"column":null}},"45":{"start":{"line":252,"column":2},"end":{"line":252,"column":null}},"46":{"start":{"line":260,"column":2},"end":{"line":261,"column":null}},"47":{"start":{"line":261,"column":4},"end":{"line":261,"column":null}},"48":{"start":{"line":263,"column":2},"end":{"line":266,"column":null}},"49":{"start":{"line":264,"column":4},"end":{"line":264,"column":null}},"50":{"start":{"line":266,"column":4},"end":{"line":266,"column":null}},"51":{"start":{"line":271,"column":16},"end":{"line":271,"column":null}},"52":{"start":{"line":272,"column":2},"end":{"line":272,"column":null}},"53":{"start":{"line":272,"column":43},"end":{"line":272,"column":null}},"54":{"start":{"line":273,"column":2},"end":{"line":278,"column":null}},"55":{"start":{"line":279,"column":2},"end":{"line":279,"column":null}},"56":{"start":{"line":7,"column":15},"end":{"line":7,"column":43}},"57":{"start":{"line":16,"column":11},"end":{"line":16,"column":23}},"58":{"start":{"line":25,"column":11},"end":{"line":25,"column":44}},"59":{"start":{"line":26,"column":12},"end":{"line":26,"column":29}},"60":{"start":{"line":37,"column":17},"end":{"line":37,"column":62}},"61":{"start":{"line":39,"column":21},"end":{"line":39,"column":52}},"62":{"start":{"line":40,"column":22},"end":{"line":40,"column":52}},"63":{"start":{"line":48,"column":19},"end":{"line":48,"column":46}},"64":{"start":{"line":51,"column":21},"end":{"line":51,"column":44}},"65":{"start":{"line":56,"column":19},"end":{"line":56,"column":46}},"66":{"start":{"line":92,"column":19},"end":{"line":92,"column":52}},"67":{"start":{"line":101,"column":19},"end":{"line":101,"column":50}},"68":{"start":{"line":102,"column":22},"end":{"line":102,"column":46}},"69":{"start":{"line":105,"column":17},"end":{"line":105,"column":34}},"70":{"start":{"line":112,"column":19},"end":{"line":112,"column":65}},"71":{"start":{"line":113,"column":22},"end":{"line":113,"column":70}},"72":{"start":{"line":117,"column":19},"end":{"line":117,"column":36}},"73":{"start":{"line":118,"column":21},"end":{"line":118,"column":41}},"74":{"start":{"line":132,"column":29},"end":{"line":132,"column":38}},"75":{"start":{"line":133,"column":29},"end":{"line":133,"column":38}},"76":{"start":{"line":134,"column":29},"end":{"line":134,"column":38}},"77":{"start":{"line":135,"column":29},"end":{"line":135,"column":39}},"78":{"start":{"line":2,"column":2},"end":{"line":150,"column":null}},"79":{"start":{"line":14,"column":20},"end":{"line":150,"column":null}},"80":{"start":{"line":8,"column":16},"end":{"line":7,"column":123}},"81":{"start":{"line":11,"column":118},"end":{"line":12,"column":113}},"82":{"start":{"line":11,"column":63},"end":{"line":11,"column":84}},"83":{"start":{"line":12,"column":62},"end":{"line":12,"column":81}},"84":{"start":{"line":19,"column":19},"end":{"line":19,"column":null}},"85":{"start":{"line":27,"column":10},"end":{"line":143,"column":null}},"86":{"start":{"line":52,"column":63},"end":{"line":52,"column":95}},"87":{"start":{"line":53,"column":63},"end":{"line":53,"column":104}},"88":{"start":{"line":61,"column":26},"end":{"line":61,"column":null}},"89":{"start":{"line":68,"column":26},"end":{"line":68,"column":null}},"90":{"start":{"line":78,"column":24},"end":{"line":78,"column":null}},"91":{"start":{"line":86,"column":24},"end":{"line":86,"column":null}},"92":{"start":{"line":114,"column":61},"end":{"line":114,"column":104}},"93":{"start":{"line":122,"column":50},"end":{"line":122,"column":null}},"94":{"start":{"line":130,"column":36},"end":{"line":130,"column":null}},"95":{"start":{"line":141,"column":26},"end":{"line":141,"column":null}}},"fnMap":{"0":{"name":"(anonymous_0)","decl":{"start":{"line":186,"column":2},"end":{"line":186,"column":13}},"loc":{"start":{"line":186,"column":13},"end":{"line":186,"column":null}},"line":186},"1":{"name":"(anonymous_1)","decl":{"start":{"line":187,"column":2},"end":{"line":187,"column":8}},"loc":{"start":{"line":187,"column":16},"end":{"line":187,"column":null}},"line":187},"2":{"name":"(anonymous_2)","decl":{"start":{"line":190,"column":25},"end":{"line":190,"column":40}},"loc":{"start":{"line":190,"column":40},"end":{"line":194,"column":null}},"line":190},"3":{"name":"(anonymous_3)","decl":{"start":{"line":193,"column":24},"end":{"line":193,"column":32}},"loc":{"start":{"line":193,"column":38},"end":{"line":193,"column":74}},"line":193},"4":{"name":"formatNextUpdate","decl":{"start":{"line":196,"column":9},"end":{"line":196,"column":26}},"loc":{"start":{"line":196,"column":49},"end":{"line":210,"column":null}},"line":196},"5":{"name":"formatLastUpdate","decl":{"start":{"line":213,"column":9},"end":{"line":213,"column":26}},"loc":{"start":{"line":213,"column":49},"end":{"line":215,"column":null}},"line":213},"6":{"name":"maskSubscriptionUrl","decl":{"start":{"line":218,"column":9},"end":{"line":218,"column":29}},"loc":{"start":{"line":218,"column":50},"end":{"line":221,"column":null}},"line":218},"7":{"name":"toggleSubscription","decl":{"start":{"line":232,"column":9},"end":{"line":232,"column":28}},"loc":{"start":{"line":232,"column":42},"end":{"line":240,"column":null}},"line":232},"8":{"name":"(anonymous_8)","decl":{"start":{"line":235,"column":35},"end":{"line":235,"column":40}},"loc":{"start":{"line":235,"column":45},"end":{"line":235,"column":61}},"line":235},"9":{"name":"getEditState","decl":{"start":{"line":245,"column":9},"end":{"line":245,"column":22}},"loc":{"start":{"line":245,"column":44},"end":{"line":252,"column":null}},"line":245},"10":{"name":"updateSubField","decl":{"start":{"line":255,"column":9},"end":{"line":255,"column":null}},"loc":{"start":{"line":259,"column":2},"end":{"line":266,"column":null}},"line":259},"11":{"name":"saveSubscription","decl":{"start":{"line":270,"column":9},"end":{"line":270,"column":26}},"loc":{"start":{"line":270,"column":48},"end":{"line":279,"column":null}},"line":270},"12":{"name":"(anonymous_12)","decl":{"start":{"line":14,"column":20},"end":{"line":14,"column":null}},"loc":{"start":{"line":14,"column":20},"end":{"line":150,"column":null}},"line":14},"13":{"name":"(anonymous_13)","decl":{"start":{"line":4,"column":24},"end":{"line":4,"column":null}},"loc":{"start":{"line":8,"column":16},"end":{"line":7,"column":123}},"line":8},"14":{"name":"(anonymous_14)","decl":{"start":{"line":10,"column":26},"end":{"line":10,"column":null}},"loc":{"start":{"line":11,"column":118},"end":{"line":12,"column":113}},"line":11},"15":{"name":"(anonymous_15)","decl":{"start":{"line":11,"column":61},"end":{"line":11,"column":63}},"loc":{"start":{"line":11,"column":63},"end":{"line":11,"column":84}},"line":11},"16":{"name":"(anonymous_16)","decl":{"start":{"line":12,"column":60},"end":{"line":12,"column":62}},"loc":{"start":{"line":12,"column":62},"end":{"line":12,"column":81}},"line":12},"17":{"name":"(anonymous_17)","decl":{"start":{"line":19,"column":19},"end":{"line":19,"column":30}},"loc":{"start":{"line":19,"column":19},"end":{"line":19,"column":null}},"line":19},"18":{"name":"(anonymous_18)","decl":{"start":{"line":28,"column":30},"end":{"line":28,"column":null}},"loc":{"start":{"line":28,"column":26},"end":{"line":143,"column":null}},"line":28},"19":{"name":"(anonymous_19)","decl":{"start":{"line":52,"column":56},"end":{"line":52,"column":61}},"loc":{"start":{"line":52,"column":63},"end":{"line":52,"column":95}},"line":52},"20":{"name":"(anonymous_20)","decl":{"start":{"line":53,"column":56},"end":{"line":53,"column":61}},"loc":{"start":{"line":53,"column":63},"end":{"line":53,"column":104}},"line":53},"21":{"name":"(anonymous_21)","decl":{"start":{"line":61,"column":19},"end":{"line":61,"column":24}},"loc":{"start":{"line":61,"column":26},"end":{"line":61,"column":null}},"line":61},"22":{"name":"(anonymous_22)","decl":{"start":{"line":68,"column":19},"end":{"line":68,"column":24}},"loc":{"start":{"line":68,"column":26},"end":{"line":68,"column":null}},"line":68},"23":{"name":"(anonymous_23)","decl":{"start":{"line":78,"column":17},"end":{"line":78,"column":22}},"loc":{"start":{"line":78,"column":24},"end":{"line":78,"column":null}},"line":78},"24":{"name":"(anonymous_24)","decl":{"start":{"line":86,"column":17},"end":{"line":86,"column":22}},"loc":{"start":{"line":86,"column":24},"end":{"line":86,"column":null}},"line":86},"25":{"name":"(anonymous_25)","decl":{"start":{"line":114,"column":54},"end":{"line":114,"column":59}},"loc":{"start":{"line":114,"column":61},"end":{"line":114,"column":104}},"line":114},"26":{"name":"(anonymous_26)","decl":{"start":{"line":122,"column":21},"end":{"line":122,"column":42}},"loc":{"start":{"line":122,"column":50},"end":{"line":122,"column":null}},"line":122},"27":{"name":"(anonymous_27)","decl":{"start":{"line":130,"column":21},"end":{"line":130,"column":30}},"loc":{"start":{"line":130,"column":36},"end":{"line":130,"column":null}},"line":130},"28":{"name":"(anonymous_28)","decl":{"start":{"line":141,"column":19},"end":{"line":141,"column":24}},"loc":{"start":{"line":141,"column":26},"end":{"line":141,"column":null}},"line":141}},"branchMap":{"0":{"loc":{"start":{"line":191,"column":2},"end":{"line":191,"column":null}},"type":"if","locations":[{"start":{"line":191,"column":2},"end":{"line":191,"column":null}},{"start":{},"end":{}}],"line":191},"1":{"loc":{"start":{"line":197,"column":2},"end":{"line":197,"column":null}},"type":"if","locations":[{"start":{"line":197,"column":2},"end":{"line":197,"column":null}},{"start":{},"end":{}}],"line":197},"2":{"loc":{"start":{"line":201,"column":2},"end":{"line":201,"column":null}},"type":"if","locations":[{"start":{"line":201,"column":2},"end":{"line":201,"column":null}},{"start":{},"end":{}}],"line":201},"3":{"loc":{"start":{"line":204,"column":2},"end":{"line":204,"column":null}},"type":"if","locations":[{"start":{"line":204,"column":2},"end":{"line":204,"column":null}},{"start":{},"end":{}}],"line":204},"4":{"loc":{"start":{"line":207,"column":2},"end":{"line":207,"column":null}},"type":"if","locations":[{"start":{"line":207,"column":2},"end":{"line":207,"column":null}},{"start":{},"end":{}}],"line":207},"5":{"loc":{"start":{"line":214,"column":2},"end":{"line":214,"column":null}},"type":"if","locations":[{"start":{"line":214,"column":2},"end":{"line":214,"column":null}},{"start":{},"end":{}}],"line":214},"6":{"loc":{"start":{"line":219,"column":2},"end":{"line":219,"column":null}},"type":"if","locations":[{"start":{"line":219,"column":2},"end":{"line":219,"column":null}},{"start":{},"end":{}}],"line":219},"7":{"loc":{"start":{"line":220,"column":2},"end":{"line":220,"column":null}},"type":"if","locations":[{"start":{"line":220,"column":2},"end":{"line":220,"column":null}},{"start":{},"end":{}}],"line":220},"8":{"loc":{"start":{"line":234,"column":2},"end":{"line":240,"column":null}},"type":"if","locations":[{"start":{"line":234,"column":2},"end":{"line":240,"column":null}},{"start":{},"end":{}}],"line":234},"9":{"loc":{"start":{"line":236,"column":4},"end":{"line":240,"column":null}},"type":"if","locations":[{"start":{"line":236,"column":4},"end":{"line":240,"column":null}},{"start":{},"end":{}}],"line":236},"10":{"loc":{"start":{"line":238,"column":29},"end":{"line":238,"column":null}},"type":"binary-expr","locations":[{"start":{"line":238,"column":29},"end":{"line":238,"column":60}},{"start":{"line":238,"column":60},"end":{"line":238,"column":null}}],"line":238},"11":{"loc":{"start":{"line":239,"column":31},"end":{"line":239,"column":null}},"type":"binary-expr","locations":[{"start":{"line":239,"column":31},"end":{"line":239,"column":64}},{"start":{"line":239,"column":64},"end":{"line":239,"column":null}}],"line":239},"12":{"loc":{"start":{"line":246,"column":2},"end":{"line":250,"column":null}},"type":"if","locations":[{"start":{"line":246,"column":2},"end":{"line":250,"column":null}},{"start":{},"end":{}}],"line":246},"13":{"loc":{"start":{"line":248,"column":27},"end":{"line":248,"column":null}},"type":"binary-expr","locations":[{"start":{"line":248,"column":27},"end":{"line":248,"column":58}},{"start":{"line":248,"column":58},"end":{"line":248,"column":null}}],"line":248},"14":{"loc":{"start":{"line":249,"column":29},"end":{"line":249,"column":null}},"type":"binary-expr","locations":[{"start":{"line":249,"column":29},"end":{"line":249,"column":62}},{"start":{"line":249,"column":62},"end":{"line":249,"column":null}}],"line":249},"15":{"loc":{"start":{"line":260,"column":2},"end":{"line":261,"column":null}},"type":"if","locations":[{"start":{"line":260,"column":2},"end":{"line":261,"column":null}},{"start":{},"end":{}}],"line":260},"16":{"loc":{"start":{"line":263,"column":2},"end":{"line":266,"column":null}},"type":"if","locations":[{"start":{"line":263,"column":2},"end":{"line":266,"column":null}},{"start":{"line":265,"column":9},"end":{"line":266,"column":null}}],"line":263},"17":{"loc":{"start":{"line":272,"column":2},"end":{"line":272,"column":null}},"type":"if","locations":[{"start":{"line":272,"column":2},"end":{"line":272,"column":null}},{"start":{},"end":{}}],"line":272},"18":{"loc":{"start":{"line":272,"column":6},"end":{"line":272,"column":43}},"type":"binary-expr","locations":[{"start":{"line":272,"column":6},"end":{"line":272,"column":16}},{"start":{"line":272,"column":16},"end":{"line":272,"column":43}}],"line":272},"19":{"loc":{"start":{"line":11,"column":61},"end":{"line":11,"column":84}},"type":"binary-expr","locations":[{"start":{"line":11,"column":61},"end":{"line":11,"column":63}},{"start":{"line":11,"column":61},"end":{"line":11,"column":84}}],"line":11},"20":{"loc":{"start":{"line":12,"column":60},"end":{"line":12,"column":81}},"type":"binary-expr","locations":[{"start":{"line":12,"column":60},"end":{"line":12,"column":62}},{"start":{"line":12,"column":60},"end":{"line":12,"column":81}}],"line":12},"21":{"loc":{"start":{"line":19,"column":19},"end":{"line":19,"column":null}},"type":"binary-expr","locations":[{"start":{"line":19,"column":19},"end":{"line":19,"column":30}},{"start":{"line":19,"column":19},"end":{"line":19,"column":null}}],"line":19},"22":{"loc":{"start":{"line":31,"column":35},"end":{"line":31,"column":null}},"type":"cond-expr","locations":[{"start":{"line":31,"column":43},"end":{"line":31,"column":null}},{"start":{"line":31,"column":43},"end":{"line":31,"column":null}}],"line":31},"23":{"loc":{"start":{"line":43,"column":28},"end":{"line":43,"column":null}},"type":"cond-expr","locations":[{"start":{"line":43,"column":42},"end":{"line":43,"column":null}},{"start":{"line":43,"column":42},"end":{"line":43,"column":null}}],"line":43},"24":{"loc":{"start":{"line":45,"column":23},"end":{"line":45,"column":null}},"type":"cond-expr","locations":[{"start":{"line":45,"column":40},"end":{"line":45,"column":65}},{"start":{"line":45,"column":65},"end":{"line":45,"column":null}}],"line":45},"25":{"loc":{"start":{"line":59,"column":26},"end":{"line":59,"column":null}},"type":"cond-expr","locations":[{"start":{"line":59,"column":40},"end":{"line":59,"column":null}},{"start":{"line":59,"column":40},"end":{"line":59,"column":null}}],"line":59},"26":{"loc":{"start":{"line":63,"column":21},"end":{"line":63,"column":null}},"type":"cond-expr","locations":[{"start":{"line":63,"column":38},"end":{"line":63,"column":62}},{"start":{"line":63,"column":62},"end":{"line":63,"column":null}}],"line":63},"27":{"loc":{"start":{"line":63,"column":64},"end":{"line":70,"column":null}},"type":"cond-expr","locations":[{"start":{"line":67,"column":33},"end":{"line":70,"column":null}},{"start":{"line":70,"column":23},"end":{"line":70,"column":null}}],"line":63},"28":{"loc":{"start":{"line":75,"column":23},"end":{"line":95,"column":125}},"type":"cond-expr","locations":[{"start":{"line":75,"column":31},"end":{"line":95,"column":125}}],"line":75},"29":{"loc":{"start":{"line":79,"column":22},"end":{"line":81,"column":null}},"type":"cond-expr","locations":[{"start":{"line":79,"column":30},"end":{"line":81,"column":null}},{"start":{"line":81,"column":21},"end":{"line":81,"column":null}}],"line":79},"30":{"loc":{"start":{"line":87,"column":22},"end":{"line":89,"column":null}},"type":"cond-expr","locations":[{"start":{"line":87,"column":30},"end":{"line":89,"column":null}},{"start":{"line":89,"column":21},"end":{"line":89,"column":null}}],"line":87},"31":{"loc":{"start":{"line":93,"column":25},"end":{"line":95,"column":125}},"type":"cond-expr","locations":[{"start":{"line":93,"column":33},"end":{"line":95,"column":125}},{"start":{"line":95,"column":84},"end":{"line":95,"column":125}}],"line":93},"32":{"loc":{"start":{"line":95,"column":30},"end":{"line":95,"column":125}},"type":"cond-expr","locations":[{"start":{"line":95,"column":38},"end":{"line":95,"column":125}},{"start":{"line":95,"column":84},"end":{"line":95,"column":125}}],"line":95},"33":{"loc":{"start":{"line":100,"column":23},"end":{"line":106,"column":139}},"type":"cond-expr","locations":[{"start":{"line":100,"column":31},"end":{"line":106,"column":139}},{"start":{"line":106,"column":125},"end":{"line":106,"column":139}}],"line":100},"34":{"loc":{"start":{"line":106,"column":28},"end":{"line":106,"column":139}},"type":"cond-expr","locations":[{"start":{"line":106,"column":36},"end":{"line":106,"column":139}},{"start":{"line":106,"column":125},"end":{"line":106,"column":139}}],"line":106},"35":{"loc":{"start":{"line":111,"column":23},"end":{"line":143,"column":null}},"type":"cond-expr","locations":[{"start":{"line":111,"column":48},"end":{"line":143,"column":null}}],"line":111},"36":{"loc":{"start":{"line":126,"column":48},"end":{"line":135,"column":77}},"type":"cond-expr","locations":[{"start":{"line":126,"column":70},"end":{"line":135,"column":77}}],"line":126},"37":{"loc":{"start":{"line":149,"column":19},"end":{"line":150,"column":null}},"type":"cond-expr","locations":[{"start":{"line":149,"column":34},"end":{"line":150,"column":null}},{"start":{"line":150,"column":15},"end":{"line":150,"column":null}}],"line":149}},"s":{"0":4,"1":4,"2":4,"3":4,"4":4,"5":0,"6":4,"7":4,"8":3,"9":1,"10":1,"11":2,"12":3,"13":3,"14":0,"15":0,"16":0,"17":0,"18":0,"19":0,"20":0,"21":0,"22":0,"23":0,"24":0,"25":0,"26":0,"27":0,"28":0,"29":0,"30":0,"31":0,"32":0,"33":0,"34":0,"35":4,"36":4,"37":0,"38":0,"39":0,"40":0,"41":0,"42":0,"43":0,"44":0,"45":0,"46":0,"47":0,"48":0,"49":0,"50":0,"51":0,"52":0,"53":0,"54":0,"55":0,"56":1,"57":1,"58":1,"59":1,"60":1,"61":1,"62":1,"63":1,"64":1,"65":1,"66":1,"67":1,"68":1,"69":1,"70":1,"71":1,"72":1,"73":1,"74":1,"75":1,"76":1,"77":1,"78":4,"79":4,"80":4,"81":4,"82":0,"83":0,"84":0,"85":7,"86":0,"87":0,"88":1,"89":0,"90":0,"91":0,"92":0,"93":0,"94":0,"95":0},"f":{"0":4,"1":0,"2":4,"3":2,"4":3,"5":0,"6":0,"7":0,"8":0,"9":0,"10":0,"11":0,"12":4,"13":4,"14":4,"15":0,"16":0,"17":0,"18":7,"19":0,"20":0,"21":1,"22":0,"23":0,"24":0,"25":0,"26":0,"27":0,"28":0},"b":{"0":[3,1],"1":[3,0],"2":[0,0],"3":[0,0],"4":[0,0],"5":[0,0],"6":[0,0],"7":[0,0],"8":[0,0],"9":[0,0],"10":[0,0],"11":[0,0],"12":[0,0],"13":[0,0],"14":[0,0],"15":[0,0],"16":[0,0],"17":[0,0],"18":[0,0],"19":[4,4],"20":[4,4],"21":[4,4],"22":[3,4],"23":[3,4],"24":[3,4],"25":[3,4],"26":[3,4],"27":[4,3],"28":[3,null],"29":[3,0],"30":[3,0],"31":[0,3],"32":[0,0],"33":[3,4],"34":[0,3],"35":[0,null],"36":[0,null],"37":[0,4]},"meta":{"lastBranch":38,"lastFunction":29,"lastStatement":96,"seen":{"s:165:14:165:Infinity":0,"s:171:13:171:Infinity":1,"s:183:8:183:23":2,"s:185:6:188:2":3,"f:186:2:186:13":0,"s:186:13:186:Infinity":4,"f:187:2:187:8":1,"s:187:16:187:Infinity":5,"s:190:6:194:Infinity":6,"f:190:25:190:40":2,"b:191:2:191:Infinity:undefined:undefined:undefined:undefined":0,"s:191:2:191:Infinity":7,"s:191:26:191:Infinity":8,"s:192:16:192:47":9,"s:193:2:193:Infinity":10,"f:193:24:193:32":3,"s:193:38:193:74":11,"f:196:9:196:26":4,"b:197:2:197:Infinity:undefined:undefined:undefined:undefined":1,"s:197:2:197:Infinity":12,"s:197:14:197:Infinity":13,"s:198:15:198:30":14,"s:199:14:199:24":15,"s:200:17:200:47":16,"b:201:2:201:Infinity:undefined:undefined:undefined:undefined":2,"s:201:2:201:Infinity":17,"s:201:19:201:Infinity":18,"s:203:18:203:43":19,"b:204:2:204:Infinity:undefined:undefined:undefined:undefined":3,"s:204:2:204:Infinity":20,"s:204:20:204:Infinity":21,"s:206:16:206:39":22,"b:207:2:207:Infinity:undefined:undefined:undefined:undefined":4,"s:207:2:207:Infinity":23,"s:207:18:207:Infinity":24,"s:209:15:209:36":25,"s:210:2:210:Infinity":26,"f:213:9:213:26":5,"b:214:2:214:Infinity:undefined:undefined:undefined:undefined":5,"s:214:2:214:Infinity":27,"s:214:14:214:Infinity":28,"s:215:2:215:Infinity":29,"f:218:9:218:29":6,"b:219:2:219:Infinity:undefined:undefined:undefined:undefined":6,"s:219:2:219:Infinity":30,"s:219:12:219:Infinity":31,"b:220:2:220:Infinity:undefined:undefined:undefined:undefined":7,"s:220:2:220:Infinity":32,"s:220:23:220:Infinity":33,"s:221:2:221:Infinity":34,"s:229:6:229:62":35,"s:230:6:230:57":36,"f:232:9:232:28":7,"s:233:2:233:Infinity":37,"b:234:2:240:Infinity:undefined:undefined:undefined:undefined":8,"s:234:2:240:Infinity":38,"s:235:20:235:61":39,"f:235:35:235:40":8,"s:235:45:235:61":40,"b:236:4:240:Infinity:undefined:undefined:undefined:undefined":9,"s:236:4:240:Infinity":41,"s:237:6:240:Infinity":42,"b:238:29:238:60:238:60:238:Infinity":10,"b:239:31:239:64:239:64:239:Infinity":11,"f:245:9:245:22":9,"b:246:2:250:Infinity:undefined:undefined:undefined:undefined":12,"s:246:2:250:Infinity":43,"s:247:4:250:Infinity":44,"b:248:27:248:58:248:58:248:Infinity":13,"b:249:29:249:62:249:62:249:Infinity":14,"s:252:2:252:Infinity":45,"f:255:9:255:Infinity":10,"b:260:2:261:Infinity:undefined:undefined:undefined:undefined":15,"s:260:2:261:Infinity":46,"s:261:4:261:Infinity":47,"b:263:2:266:Infinity:265:9:266:Infinity":16,"s:263:2:266:Infinity":48,"s:264:4:264:Infinity":49,"s:266:4:266:Infinity":50,"f:270:9:270:26":11,"s:271:16:271:Infinity":51,"b:272:2:272:Infinity:undefined:undefined:undefined:undefined":17,"s:272:2:272:Infinity":52,"b:272:6:272:16:272:16:272:43":18,"s:272:43:272:Infinity":53,"s:273:2:278:Infinity":54,"s:279:2:279:Infinity":55,"s:7:15:7:43":56,"s:16:11:16:23":57,"s:25:11:25:44":58,"s:26:12:26:29":59,"s:37:17:37:62":60,"s:39:21:39:52":61,"s:40:22:40:52":62,"s:48:19:48:46":63,"s:51:21:51:44":64,"s:56:19:56:46":65,"s:92:19:92:52":66,"s:101:19:101:50":67,"s:102:22:102:46":68,"s:105:17:105:34":69,"s:112:19:112:65":70,"s:113:22:113:70":71,"s:117:19:117:36":72,"s:118:21:118:41":73,"s:132:29:132:38":74,"s:133:29:133:38":75,"s:134:29:134:38":76,"s:135:29:135:39":77,"s:2:2:150:Infinity":78,"f:14:20:14:Infinity":12,"s:14:20:150:Infinity":79,"f:4:24:4:Infinity":13,"s:8:16:7:123":80,"f:10:26:10:Infinity":14,"s:11:118:12:113":81,"b:11:61:11:63:11:61:11:84":19,"f:11:61:11:63":15,"s:11:63:11:84":82,"b:12:60:12:62:12:60:12:81":20,"f:12:60:12:62":16,"s:12:62:12:81":83,"b:19:19:19:30:19:19:19:Infinity":21,"f:19:19:19:30":17,"s:19:19:19:Infinity":84,"f:28:30:28:Infinity":18,"s:27:10:143:Infinity":85,"b:31:43:31:Infinity:31:43:31:Infinity":22,"b:43:42:43:Infinity:43:42:43:Infinity":23,"b:45:40:45:65:45:65:45:Infinity":24,"f:52:56:52:61":19,"s:52:63:52:95":86,"f:53:56:53:61":20,"s:53:63:53:104":87,"b:59:40:59:Infinity:59:40:59:Infinity":25,"f:61:19:61:24":21,"s:61:26:61:Infinity":88,"b:63:38:63:62:63:62:63:Infinity":26,"b:67:33:70:Infinity:70:23:70:Infinity":27,"f:68:19:68:24":22,"s:68:26:68:Infinity":89,"b:75:31:95:125":28,"b:79:30:81:Infinity:81:21:81:Infinity":29,"f:78:17:78:22":23,"s:78:24:78:Infinity":90,"b:87:30:89:Infinity:89:21:89:Infinity":30,"f:86:17:86:22":24,"s:86:24:86:Infinity":91,"b:93:33:95:125:95:84:95:125":31,"b:95:38:95:125:95:84:95:125":32,"b:100:31:106:139:106:125:106:139":33,"b:106:36:106:139:106:125:106:139":34,"b:111:48:143:Infinity":35,"f:114:54:114:59":25,"s:114:61:114:104":92,"f:122:21:122:42":26,"s:122:50:122:Infinity":93,"b:126:70:135:77":36,"f:130:21:130:30":27,"s:130:36:130:Infinity":94,"f:141:19:141:24":28,"s:141:26:141:Infinity":95,"b:149:34:150:Infinity:150:15:150:Infinity":37}}}
,"D:\\rustdev\\qiguai\\webui\\config-manager-ui\\src\\components\\TunPanel.vue": {"path":"D:\\rustdev\\qiguai\\webui\\config-manager-ui\\src\\components\\TunPanel.vue","statementMap":{"0":{"start":{"line":98,"column":8},"end":{"line":98,"column":23}},"1":{"start":{"line":99,"column":47},"end":{"line":99,"column":77}},"2":{"start":{"line":101,"column":14},"end":{"line":101,"column":null}},"3":{"start":{"line":105,"column":13},"end":{"line":105,"column":null}},"4":{"start":{"line":112,"column":2},"end":{"line":115,"column":null}},"5":{"start":{"line":15,"column":11},"end":{"line":15,"column":52}},"6":{"start":{"line":16,"column":13},"end":{"line":16,"column":43}},"7":{"start":{"line":17,"column":15},"end":{"line":17,"column":42}},"8":{"start":{"line":18,"column":19},"end":{"line":18,"column":37}},"9":{"start":{"line":19,"column":20},"end":{"line":19,"column":50}},"10":{"start":{"line":26,"column":22},"end":{"line":26,"column":30}},"11":{"start":{"line":27,"column":22},"end":{"line":27,"column":36}},"12":{"start":{"line":28,"column":22},"end":{"line":28,"column":36}},"13":{"start":{"line":31,"column":15},"end":{"line":31,"column":42}},"14":{"start":{"line":32,"column":19},"end":{"line":32,"column":37}},"15":{"start":{"line":33,"column":20},"end":{"line":33,"column":50}},"16":{"start":{"line":44,"column":13},"end":{"line":44,"column":40}},"17":{"start":{"line":45,"column":17},"end":{"line":45,"column":35}},"18":{"start":{"line":46,"column":18},"end":{"line":46,"column":48}},"19":{"start":{"line":57,"column":13},"end":{"line":57,"column":43}},"20":{"start":{"line":2,"column":2},"end":{"line":82,"column":null}},"21":{"start":{"line":13,"column":20},"end":{"line":82,"column":null}},"22":{"start":{"line":5,"column":47},"end":{"line":5,"column":47}},"23":{"start":{"line":11,"column":12},"end":{"line":10,"column":null}},"24":{"start":{"line":10,"column":33},"end":{"line":10,"column":61}},"25":{"start":{"line":24,"column":23},"end":{"line":24,"column":null}},"26":{"start":{"line":39,"column":22},"end":{"line":39,"column":null}},"27":{"start":{"line":53,"column":20},"end":{"line":53,"column":null}},"28":{"start":{"line":61,"column":33},"end":{"line":61,"column":65}},"29":{"start":{"line":66,"column":33},"end":{"line":66,"col
[...]
y":46,"s:118:4:118:Infinity":47,"s:119:4:137:Infinity":48,"s:120:21:120:Infinity":49,"s:121:6:124:Infinity":50,"b:125:6:128:Infinity:undefined:undefined:undefined:undefined":9,"s:125:6:128:Infinity":51,"s:126:8:126:Infinity":52,"s:127:8:127:Infinity":53,"s:129:6:129:Infinity":54,"s:131:23:131:Infinity":55,"b:131:23:131:48:131:48:131:Infinity":10,"s:132:6:132:Infinity":56,"s:133:6:133:Infinity":57,"s:135:6:135:Infinity":58,"s:136:6:136:Infinity":59,"f:140:17:140:33":10,"b:141:4:143:Infinity:undefined:undefined:undefined:undefined":11,"s:141:4:143:Infinity":60,"s:142:6:142:Infinity":61,"s:144:22:144:Infinity":62,"b:145:4:147:Infinity:undefined:undefined:undefined:undefined":12,"s:145:4:147:Infinity":63,"s:146:6:146:Infinity":64,"s:148:4:148:Infinity":65,"s:149:4:164:Infinity":66,"s:150:21:150:Infinity":67,"s:151:6:151:Infinity":68,"s:152:6:152:Infinity":69,"b:153:6:156:Infinity:undefined:undefined:undefined:undefined":13,"s:153:6:156:Infinity":70,"s:154:8:154:Infinity":71,"s:155:8:155:Infinity":72,"s:158:23:158:Infinity":73,"b:158:23:158:48:158:48:158:Infinity":14,"s:159:6:159:Infinity":74,"s:160:6:160:Infinity":75,"s:162:6:162:Infinity":76,"s:163:6:163:Infinity":77,"f:167:17:167:33":11,"b:168:4:171:Infinity:undefined:undefined:undefined:undefined":15,"s:168:4:171:Infinity":78,"b:168:8:168:35:168:35:168:59":16,"s:169:6:169:Infinity":79,"s:170:6:170:Infinity":80,"b:172:4:174:Infinity:undefined:undefined:undefined:undefined":17,"s:172:4:174:Infinity":81,"s:173:6:173:Infinity":82,"s:175:4:175:Infinity":83,"s:176:4:196:Infinity":84,"s:177:21:181:Infinity":85,"s:182:6:182:Infinity":86,"s:183:6:183:Infinity":87,"s:184:6:184:Infinity":88,"b:185:6:188:Infinity:undefined:undefined:undefined:undefined":18,"s:185:6:188:Infinity":89,"s:186:8:186:Infinity":90,"s:187:8:187:Infinity":91,"s:190:23:190:Infinity":92,"b:190:23:190:48:190:48:190:Infinity":19,"s:191:6:191:Infinity":93,"s:192:6:192:Infinity":94,"s:194:6:194:Infinity":95,"s:195:6:195:Infinity":96,"f:199:11:199:29":12,"s:200:4:200:Infinity":97,"b:201:4:203:Infinity:undefined:undefined:undefined:undefined":20,"s:201:4:203:Infinity":98,"b:201:8:201:16:201:16:201:40":21,"s:202:6:202:Infinity":99,"f:206:17:206:31":13,"b:207:4:210:Infinity:undefined:undefined:undefined:undefined":22,"s:207:4:210:Infinity":100,"s:208:6:208:Infinity":101,"s:209:6:209:Infinity":102,"b:211:4:213:Infinity:undefined:undefined:undefined:undefined":23,"s:211:4:213:Infinity":103,"s:212:6:212:Infinity":104,"s:214:17:214:Infinity":105,"b:214:17:214:42:214:42:214:Infinity":24,"s:215:4:215:Infinity":106,"s:216:4:236:Infinity":107,"s:217:22:217:Infinity":108,"b:218:6:220:Infinity:undefined:undefined:undefined:undefined":25,"s:218:6:220:Infinity":109,"s:219:8:219:Infinity":110,"s:221:21:221:Infinity":111,"s:222:6:222:Infinity":112,"b:223:6:226:Infinity:undefined:undefined:undefined:undefined":26,"s:223:6:226:Infinity":113,"s:224:8:224:Infinity":114,"s:225:8:225:Infinity":115,"s:227:6:227:Infinity":116,"s:228:6:228:Infinity":117,"s:230:23:230:Infinity":118,"b:230:23:230:48:230:48:230:Infinity":27,"s:231:6:231:Infinity":119,"s:232:6:232:Infinity":120,"s:234:6:234:Infinity":121,"s:235:6:235:Infinity":122,"f:239:17:239:31":14,"b:240:4:243:Infinity:undefined:undefined:undefined:undefined":28,"s:240:4:243:Infinity":123,"s:241:6:241:Infinity":124,"s:242:6:242:Infinity":125,"b:244:4:247:Infinity:undefined:undefined:undefined:undefined":29,"s:244:4:247:Infinity":126,"s:245:6:245:Infinity":127,"s:246:6:246:Infinity":128,"b:248:4:250:Infinity:undefined:undefined:undefined:undefined":30,"s:248:4:250:Infinity":129,"s:249:6:249:Infinity":130,"s:251:4:251:Infinity":131,"s:252:4:270:Infinity":132,"s:253:21:253:Infinity":133,"s:254:6:254:Infinity":134,"b:255:6:257:Infinity:undefined:undefined:undefined:undefined":31,"s:255:6:257:Infinity":135,"s:256:8:256:Infinity":136,"b:258:6:261:Infinity:undefined:undefined:undefined:undefined":32,"s:258:6:261:Infinity":137,"s:259:8:259:Infinity":138,"s:260:8:260:Infinity":139,"s:262:6:262:Infinity":140,"s:264:23:264:Infinity":141,"b:264:23:264:48:264:48:264:Infinity":33,"s:265:6:265:Infinity":142,"s:266:6:266:Infinity":143,"s:268:6:268:Infinity":144,"s:269:6:269:Infinity":145,"f:273:17:273:31":15,"s:274:25:274:Infinity":146,"b:275:4:277:Infinity:undefined:undefined:undefined:undefined":34,"s:275:4:277:Infinity":147,"s:276:6:276:Infinity":148,"s:278:4:289:Infinity":149,"s:279:6:279:Infinity":150,"s:280:6:280:Infinity":151,"b:281:6:283:Infinity:undefined:undefined:undefined:undefined":35,"s:281:6:283:Infinity":152,"s:282:8:282:Infinity":153,"s:285:23:285:Infinity":154,"b:285:23:285:48:285:48:285:Infinity":36,"s:286:6:286:Infinity":155,"s:288:6:288:Infinity":156,"f:292:17:292:36":16,"b:298:4:300:Infinity:undefined:undefined:undefined:undefined":37,"s:298:4:300:Infinity":157,"s:299:6:299:Infinity":158,"s:301:4:301:Infinity":159,"s:302:4:316:Infinity":160,"s:303:6:307:Infinity":161,"b:306:31:306:64:306:64:306:Infinity":38,"s:308:6:308:Infinity":162,"s:310:23:310:Infinity":163,"b:310:23:310:48:310:48:310:Infinity":39,"s:311:6:311:Infinity":164,"s:312:6:312:Infinity":165,"s:314:6:314:Infinity":166,"s:315:6:315:Infinity":167,"f:319:17:319:39":17,"b:320:4:322:Infinity:undefined:undefined:undefined:undefined":40,"s:320:4:322:Infinity":168,"s:321:6:321:Infinity":169,"s:323:4:323:Infinity":170,"s:324:4:338:Infinity":171,"s:325:21:325:Infinity":172,"s:326:6:326:Infinity":173,"b:327:6:330:Infinity:undefined:undefined:undefined:undefined":41,"s:327:6:330:Infinity":174,"s:328:8:328:Infinity":175,"s:329:8:329:Infinity":176,"s:332:23:332:Infinity":177,"b:332:23:332:48:332:48:332:Infinity":42,"s:333:6:333:Infinity":178,"s:334:6:334:Infinity":179,"s:336:6:336:Infinity":180,"s:337:6:337:Infinity":181,"f:341:11:341:25":18,"s:342:4:342:Infinity":182,"s:343:4:343:Infinity":183,"s:346:2:367:Infinity":184}}}
,"D:\\rustdev\\qiguai\\webui\\config-manager-ui\\src\\composables\\useRebuildWatcher.ts": {"path":"D:\\rustdev\\qiguai\\webui\\config-manager-ui\\src\\composables\\useRebuildWatcher.ts","statementMap":{"0":{"start":{"line":5,"column":12},"end":{"line":5,"column":null}},"1":{"start":{"line":8,"column":22},"end":{"line":8,"column":null}},"2":{"start":{"line":9,"column":18},"end":{"line":9,"column":null}},"3":{"start":{"line":10,"column":4},"end":{"line":39,"column":null}},"4":{"start":{"line":12,"column":6},"end":{"line":23,"column":null}},"5":{"start":{"line":13,"column":8},"end":{"line":13,"column":null}},"6":{"start":{"line":15,"column":25},"end":{"line":15,"column":null}},"7":{"start":{"line":16,"column":24},"end":{"line":16,"column":null}},"8":{"start":{"line":17,"column":8},"end":{"line":19,"column":null}},"9":{"start":{"line":18,"column":10},"end":{"line":18,"column":null}},"10":{"start":{"line":20,"column":8},"end":{"line":20,"column":null}},"11":{"start":{"line":21,"column":8},"end":{"line":21,"column":null}},"12":{"start":{"line":22,"column":8},"end":{"line":22,"column":null}},"13":{"start":{"line":24,"column":6},"end":{"line":29,"column":null}},"14":{"start":{"line":25,"column":8},"end":{"line":27,"column":null}},"15":{"start":{"line":26,"column":10},"end":{"line":26,"column":null}},"16":{"start":{"line":28,"column":8},"end":{"line":28,"column":null}},"17":{"start":{"line":30,"column":22},"end":{"line":30,"column":null}},"18":{"start":{"line":31,"column":6},"end":{"line":33,"column":null}},"19":{"start":{"line":32,"column":8},"end":{"line":32,"column":null}},"20":{"start":{"line":34,"column":21},"end":{"line":36,"column":null}},"21":{"start":{"line":37,"column":6},"end":{"line":37,"column":null}},"22":{"start":{"line":38,"column":6},"end":{"line":38,"column":null}},"23":{"start":{"line":43,"column":4},"end":{"line":43,"column":null}},"24":{"start":{"line":43,"column":36},"end":{"line":43,"column":59}},"25":{"start":{"line":46,"column":2},"end":{"line":48,"column":null}}},"fnMap":{"0":{"name":"useRebuildWatcher","decl":{"start":{"line":4,"column":16},"end":{"line":4,"column":34}},"loc":{"start":{"line":4,"column":78},"end":{"line":49,"column":null}},"line":4},"1":{"name":"waitForRebuild","decl":{"start":{"line":7,"column":17},"end":{"line":7,"column":32}},"loc":{"start":{"line":7,"column":47},"end":{"line":40,"column":null}},"line":7},"2":{"name":"sleep","decl":{"start":{"line":42,"column":11},"end":{"line":42,"column":17}},"loc":{"start":{"line":42,"column":29},"end":{"line":44,"column":null}},"line":42},"3":{"name":"(anonymous_3)","decl":{"start":{"line":43,"column":23},"end":{"line":43,"column":24}},"loc":{"start":{"line":43,"column":36},"end":{"line":43,"column":59}},"line":43}},"branchMap":{"0":{"loc":{"start":{"line":15,"column":25},"end":{"line":15,"column":null}},"type":"binary-expr","locations":[{"start":{"line":15,"column":25},"end":{"line":15,"column":50}},{"start":{"line":15,"column":50},"end":{"line":15,"column":null}}],"line":15},"1":{"loc":{"start":{"line":17,"column":8},"end":{"line":19,"column":null}},"type":"if","locations":[{"start":{"line":17,"column":8},"end":{"line":19,"column":null}},{"start":{},"end":{}}],"line":17},"2":{"loc":{"start":{"line":24,"column":6},"end":{"line":29,"column":null}},"type":"if","locations":[{"start":{"line":24,"column":6},"end":{"line":29,"column":null}},{"start":{},"end":{}}],"line":24},"3":{"loc":{"start":{"line":25,"column":8},"end":{"line":27,"column":null}},"type":"if","locations":[{"start":{"line":25,"column":8},"end":{"line":27,"column":null}},{"start":{},"end":{}}],"line":25},"4":{"loc":{"start":{"line":31,"column":6},"end":{"line":33,"column":null}},"type":"if","locations":[{"start":{"line":31,"column":6},"end":{"line":33,"column":null}},{"start":{},"end":{}}],"line":31},"5":{"loc":{"start":{"line":34,"column":21},"end":{"line":36,"column":null}},"type":"cond-expr","locations":[{"start":{"line":35,"column":10},"end":{"line":35,"column":null}},{"start":{"line":36,"column":10},"end":{"line":36,"column":null}}],"line":34}},"s":{"0":2,"1":2,"2":2,"3":2,"4":3,"5":3,"6":0,"7":0,"8":0,"9":0,"10":0,"11":0,"12":0,"13":3,"14":2,"15":1,"16":1,"17":1,"18":1,"19":0,"20":1,"21":3,"22":3,"23":1,"24":1,"25":2},"f":{"0":2,"1":2,"2":1,"3":1},"b":{"0":[0,0],"1":[0,0],"2":[2,1],"3":[1,1],"4":[0,1],"5":[1,0]},"meta":{"lastBranch":6,"lastFunction":4,"lastStatement":26,"seen":{"f:4:16:4:34":0,"s:5:12:5:Infinity":0,"f:7:17:7:32":1,"s:8:22:8:Infinity":1,"s:9:18:9:Infinity":2,"s:10:4:39:Infinity":3,"s:12:6:23:Infinity":4,"s:13:8:13:Infinity":5,"s:15:25:15:Infinity":6,"b:15:25:15:50:15:50:15:Infinity":0,"s:16:24:16:Infinity":7,"b:17:8:19:Infinity:undefined:undefined:undefined:undefined":1,"s:17:8:19:Infinity":8,"s:18:10:18:Infinity":9,"s:20:8:20:Infinity":10,"s:21:8:21:Infinity":11,"s:22:8:22:Infinity":12,"b:24:6:29:Infinity:undefined:undefined:undefined:undefined":2,"s:24:6:29:Infinity":13,"b:25:8:27:Infinity:undefined:undefined:undefined:undefined":3,"s:25:8:27:Infinity":14,"s:26:10:26:Infinity":15,"s:28:8:28:Infinity":16,"s:30:22:30:Infinity":17,"b:31:6:33:Infinity:undefined:undefined:undefined:undefined":4,"s:31:6:33:Infinity":18,"s:32:8:32:Infinity":19,"s:34:21:36:Infinity":20,"b:35:10:35:Infinity:36:10:36:Infinity":5,"s:37:6:37:Infinity":21,"s:38:6:38:Infinity":22,"f:42:11:42:17":2,"s:43:4:43:Infinity":23,"f:43:23:43:24":3,"s:43:36:43:59":24,"s:46:2:48:Infinity":25}}}
,"D:\\rustdev\\qiguai\\webui\\config-manager-ui\\src\\composables\\useToasts.ts": {"path":"D:\\rustdev\\qiguai\\webui\\config-manager-ui\\src\\composables\\useToasts.ts","statementMap":{"0":{"start":{"line":7,"column":8},"end":{"line":7,"column":null}},"1":{"start":{"line":8,"column":21},"end":{"line":8,"column":null}},"2":{"start":{"line":11,"column":15},"end":{"line":11,"column":null}},"3":{"start":{"line":12,"column":4},"end":{"line":12,"column":null}},"4":{"start":{"line":13,"column":4},"end":{"line":15,"column":null}},"5":{"start":{"line":14,"column":6},"end":{"line":14,"column":null}},"6":{"start":{"line":14,"column":52},"end":{"line":14,"column":67}},"7":{"start":{"line":18,"column":2},"end":{"line":21,"column":null}}},"fnMap":{"0":{"name":"useToasts","decl":{"start":{"line":6,"column":16},"end":{"line":6,"column":28}},"loc":{"start":{"line":6,"column":28},"end":{"line":22,"column":null}},"line":6},"1":{"name":"pushToast","decl":{"start":{"line":10,"column":11},"end":{"line":10,"column":21}},"loc":{"start":{"line":10,"column":64},"end":{"line":16,"column":null}},"line":10},"2":{"name":"(anonymous_2)","decl":{"start":{"line":13,"column":15},"end":{"line":13,"column":21}},"loc":{"start":{"line":13,"column":21},"end":{"line":15,"column":7}},"line":13},"3":{"name":"(anonymous_3)","decl":{"start":{"line":14,"column":41},"end":{"line":14,"column":42}},"loc":{"start":{"line":14,"column":52},"end":{"line":14,"column":67}},"line":14}},"branchMap":{"0":{"loc":{"start":{"line":10,"column":38},"end":{"line":10,"column":64}},"type":"default-arg","locations":[{"start":{"line":10,"column":56},"end":{"line":10,"column":64}}],"line":10}},"s":{"0":3,"1":3,"2":4,"3":4,"4":4,"5":3,"6":4,"7":3},"f":{"0":3,"1":4,"2":3,"3":4},"b":{"0":[4]},"meta":{"lastBranch":1,"lastFunction":4,"lastStatement":8,"seen":{"f:6:16:6:28":0,"s:7:8:7:Infinity":0,"s:8:21:8:Infinity":1,"f:10:11:10:21":1,"b:10:56:10:64":0,"s:11:15:11:Infinity":2,"s:12:4:12:Infinity":3,"s:13:4:15:Infinity":4,"f:13:15:13:21":2,"s:14:6:14:Infinity":5,"f:14:41:14:42":3,"s:14:52:14:67":6,"s:18:2:21:Infinity":7}}}
,"D:\\rustdev\\qiguai\\webui\\config-manager-ui\\src\\composables\\useWebDavSync.ts": {"path":"D:\\rustdev\\qiguai\\webui\\config-manager-ui\\src\\composables\\useWebDavSync.ts","statementMap":{"0":{"start":{"line":18,"column":12},"end":{"line":18,"column":null}},"1":{"start":{"line":21,"column":4},"end":{"line":28,"column":null}},"2":{"start":{"line":22,"column":6},"end":{"line":22,"column":null}},"3":{"start":{"line":23,"column":6},"end":{"line":23,"column":null}},"4":{"start":{"line":24,"column":6},"end":{"line":24,"column":null}},"5":{"start":{"line":26,"column":23},"end":{"line":26,"column":null}},"6":{"start":{"line":27,"column":6},"end":{"line":27,"column":null}},"7":{"start":{"line":32,"column":4},"end":{"line":32,"column":null}},"8":{"start":{"line":33,"column":4},"end":{"line":41,"column":null}},"9":{"start":{"line":34,"column":6},"end":{"line":34,"column":null}},"10":{"start":{"line":35,"column":6},"end":{"line":35,"column":null}},"11":{"start":{"line":37,"column":23},"end":{"line":37,"column":null}},"12":{"start":{"line":38,"column":6},"end":{"line":38,"column":null}},"13":{"start":{"line":40,"column":6},"end":{"line":40,"column":null}},"14":{"start":{"line":45,"column":4},"end":{"line":45,"column":null}},"15":{"start":{"line":46,"column":4},"end":{"line":64,"column":null}},"16":{"start":{"line":47,"column":21},"end":{"line":47,"column":null}},"17":{"start":{"line":48,"column":6},"end":{"line":57,"column":null}},"18":{"start":{"line":49,"column":8},"end":{"line":49,"column":null}},"19":{"start":{"line":52,"column":10},"end":{"line":55,"column":null}},"20":{"start":{"line":56,"column":8},"end":{"line":56,"column":null}},"21":{"start":{"line":58,"column":6},"end":{"line":58,"column":null}},"22":{"start":{"line":60,"column":23},"end":{"line":60,"column":null}},"23":{"start":{"line":61,"column":6},"end":{"line":61,"column":null}},"24":{"start":{"line":63,"column":6},"end":{"line":63,"column":null}},"25":{"start":{"line":67,"column":2},"end":{"line":71,"column":null}}},"fnMap":{"0":{"name":"useWebDavSync","decl":{"start":{"line":11,"column":16},"end":{"line":11,"column":null}},"loc":{"start":{"line":17,"column":2},"end":{"line":72,"column":null}},"line":17},"1":{"name":"saveSyncConfig","decl":{"start":{"line":20,"column":17},"end":{"line":20,"column":34}},"loc":{"start":{"line":20,"column":34},"end":{"line":29,"column":null}},"line":20},"2":{"name":"testSync","decl":{"start":{"line":31,"column":17},"end":{"line":31,"column":28}},"loc":{"start":{"line":31,"column":28},"end":{"line":42,"column":null}},"line":31},"3":{"name":"performSyncNow","decl":{"start":{"line":44,"column":17},"end":{"line":44,"column":34}},"loc":{"start":{"line":44,"column":34},"end":{"line":65,"column":null}},"line":44}},"branchMap":{"0":{"loc":{"start":{"line":24,"column":16},"end":{"line":24,"column":70}},"type":"binary-expr","locations":[{"start":{"line":24,"column":16},"end":{"line":24,"column":46}},{"start":{"line":24,"column":46},"end":{"line":24,"column":70}}],"line":24},"1":{"loc":{"start":{"line":26,"column":23},"end":{"line":26,"column":null}},"type":"binary-expr","locations":[{"start":{"line":26,"column":23},"end":{"line":26,"column":48}},{"start":{"line":26,"column":48},"end":{"line":26,"column":null}}],"line":26},"2":{"loc":{"start":{"line":32,"column":40},"end":{"line":32,"column":73}},"type":"binary-expr","locations":[{"start":{"line":32,"column":40},"end":{"line":32,"column":68}},{"start":{"line":32,"column":68},"end":{"line":32,"column":73}}],"line":32},"3":{"loc":{"start":{"line":37,"column":23},"end":{"line":37,"column":null}},"type":"binary-expr","locations":[{"start":{"line":37,"column":23},"end":{"line":37,"column":48}},{"start":{"line":37,"column":48},"end":{"line":37,"column":null}}],"line":37},"4":{"loc":{"start":{"line":45,"column":43},"end":{"line":45,"column":76}},"type":"binary-expr","locations":[{"start":{"line":45,"column":43},"end":{"line":45,"column":71}},{"start":{"line":45,"column":71},"end":{"line":45,"column":76}}],"line":45},"5":{"loc":{"start":{"line":48,"column":6},"end":{"line":57,"column":null}},"type":"if","locations":[{"start":{"line":48,"column":6},"end":{"line":57,"column":null}},{"start":{"line":50,"column":13},"end":{"line":57,"column":null}}],"line":48},"6":{"loc":{"start":{"line":49,"column":18},"end":{"line":49,"column":69}},"type":"binary-expr","locations":[{"start":{"line":49,"column":18},"end":{"line":49,"column":47}},{"start":{"line":49,"column":47},"end":{"line":49,"column":69}}],"line":49},"7":{"loc":{"start":{"line":52,"column":10},"end":{"line":55,"column":null}},"type":"binary-expr","locations":[{"start":{"line":52,"column":10},"end":{"line":55,"column":16}},{"start":{"line":55,"column":16},"end":{"line":55,"column":null}}],"line":52},"8":{"loc":{"start":{"line":56,"column":23},"end":{"line":56,"column":70}},"type":"cond-expr","locations":[{"start":{"line":56,"column":49},"end":{"line":56,"column":61}},{"start":{"line":56,"column":61},"end":{"line":56,"column":70}}],"line":56},"9":{"loc":{"start":{"line":60,"column":23},"end":{"line":60,"column":null}},"type":"binary-expr","locations":[{"start":{"line":60,"column":23},"end":{"line":60,"column":48}},{"start":{"line":60,"column":48},"end":{"line":60,"column":null}}],"line":60}},"s":{"0":4,"1":1,"2":1,"3":1,"4":1,"5":0,"6":0,"7":1,"8":1,"9":1,"10":1,"11":0,"12":0,"13":1,"14":2,"15":2,"16":2,"17":1,"18":0,"19":1,"20":1,"21":1,"22":1,"23":1,"24":2,"25":4},"f":{"0":4,"1":1,"2":1,"3":2},"b":{"0":[1,0],"1":[0,0],"2":[1,0],"3":[0,0],"4":[2,0],"5":[0,1],"6":[0,0],"7":[1,0],"8":[1,0],"9":[1,0]},"meta":{"lastBranch":10,"lastFunction":4,"lastStatement":26,"seen":{"f:11:16:11:Infinity":0,"s:18:12:18:Infinity":0,"f:20:17:20:34":1,"s:21:4:28:Infinity":1,"s:22:6:22:Infinity":2,"s:23:6:23:Infinity":3,"s:24:6:24:Infinity":4,"b:24:16:24:46:24:46:24:70":0,"s:26:23:26:Infinity":5,"b:26:23:26:48:26:48:26:Infinity":1,"s:27:6:27:Infinity":6,"f:31:17:31:28":2,"s:32:4:32:Infinity":7,"b:32:40:32:68:32:68:32:73":2,"s:33:4:41:Infinity":8,"s:34:6:34:Infinity":9,"s:35:6:35:Infinity":10,"s:37:23:37:Infinity":11,"b:37:23:37:48:37:48:37:Infinity":3,"s:38:6:38:Infinity":12,"s:40:6:40:Infinity":13,"f:44:17:44:34":3,"s:45:4:45:Infinity":14,"b:45:43:45:71:45:71:45:76":4,"s:46:4:64:Infinity":15,"s:47:21:47:Infinity":16,"b:48:6:57:Infinity:50:13:57:Infinity":5,"s:48:6:57:Infinity":17,"s:49:8:49:Infinity":18,"b:49:18:49:47:49:47:49:69":6,"s:52:10:55:Infinity":19,"b:52:10:55:16:55:16:55:Infinity":7,"s:56:8:56:Infinity":20,"b:56:49:56:61:56:61:56:70":8,"s:58:6:58:Infinity":21,"s:60:23:60:Infinity":22,"b:60:23:60:48:60:48:60:Infinity":9,"s:61:6:61:Infinity":23,"s:63:6:63:Infinity":24,"s:67:2:71:Infinity":25}}}
}
